Case 150: 241/244 landmarks (98.8% coverage). Missing teeth: []
raw_dir=C:\MISC\Deepcare\Orthodontics\datasets\landmarks_dataset\raw\150
infer_dir=C:\MISC\Deepcare\Orthodontics\outputs\pointnetreg\final_output\infer_tmp\150
samples_root=C:\MISC\Deepcare\Orthodontics\datasets\landmarks_dataset\cooked\p0\samples
checkpoint_root=C:\MISC\Deepcare\Orthodontics\outputs\pointnetreg\final_pt
teeth=t11 t12 t13 t14 t15 t16 t17 t21 t22 t23 t24 t25 t26 t27 t31 t32 t33 t34 t35 t36 t37 t41 t42 t43 t44 t45 t46 t47Case 001: 241/244 landmarks (98.8% coverage). Missing teeth: []
raw_dir=C:\MISC\Deepcare\Orthodontics\datasets\landmarks_dataset\raw\1
infer_dir=C:\MISC\Deepcare\Orthodontics\outputs\pointnetreg\final_output\infer_tmp\001
samples_root=C:\MISC\Deepcare\Orthodontics\datasets\landmarks_dataset\cooked\p0\samples
checkpoint_root=C:\MISC\Deepcare\Orthodontics\outputs\pointnetreg\final_pt
teeth=t11 t12 t13 t14 t15 t16 t17 t21 t22 t23 t24 t25 t26 t27 t31 t32 t33 t34 t35 t36 t37 t41 t42 t43 t44 t45 t46 t47

Case 002: 244/244 landmarks (100.0% coverage). Missing teeth: []
raw_dir=C:\MISC\Deepcare\Orthodontics\datasets\landmarks_dataset\raw\2
infer_dir=C:\MISC\Deepcare\Orthodontics\outputs\pointnetreg\final_output\infer_tmp\002
samples_root=C:\MISC\Deepcare\Orthodontics\datasets\landmarks_dataset\cooked\p0\samples
checkpoint_root=C:\MISC\Deepcare\Orthodontics\outputs\pointnetreg\final_pt
teeth=t11 t12 t13 t14 t15 t16 t17 t21 t22 t23 t24 t25 t26 t27 t31 t32 t33 t34 t35 t36 t37 t41 t42 t43 t44 t45 t46 t47

Case 003: 244/244 landmarks (100.0% coverage). Missing teeth: []
raw_dir=C:\MISC\Deepcare\Orthodontics\datasets\landmarks_dataset\raw\3
infer_dir=C:\MISC\Deepcare\Orthodontics\outputs\pointnetreg\final_output\infer_tmp\003
samples_root=C:\MISC\Deepcare\Orthodontics\datasets\landmarks_dataset\cooked\p0\samples
checkpoint_root=C:\MISC\Deepcare\Orthodontics\outputs\pointnetreg\final_pt
teeth=t11 t12 t13 t14 t15 t16 t17 t21 t22 t23 t24 t25 t26 t27 t31 t32 t33 t34 t35 t36 t37 t41 t42 t43 t44 t45 t46 t47

Case 004: 243/244 landmarks (99.6% coverage). Missing teeth: []
raw_dir=C:\MISC\Deepcare\Orthodontics\datasets\landmarks_dataset\raw\4
infer_dir=C:\MISC\Deepcare\Orthodontics\outputs\pointnetreg\final_output\infer_tmp\004
samples_root=C:\MISC\Deepcare\Orthodontics\datasets\landmarks_dataset\cooked\p0\samples
checkpoint_root=C:\MISC\Deepcare\Orthodontics\outputs\pointnetreg\final_pt
teeth=t11 t12 t13 t14 t15 t16 t17 t21 t22 t23 t24 t25 t26 t27 t31 t32 t33 t34 t35 t36 t37 t41 t42 t43 t44 t45 t46 t47

Case 005: 241/244 landmarks (98.8% coverage). Missing teeth: []
raw_dir=C:\MISC\Deepcare\Orthodontics\datasets\landmarks_dataset\raw\5
infer_dir=C:\MISC\Deepcare\Orthodontics\outputs\pointnetreg\final_output\infer_tmp\005
samples_root=C:\MISC\Deepcare\Orthodontics\datasets\landmarks_dataset\cooked\p0\samples
checkpoint_root=C:\MISC\Deepcare\Orthodontics\outputs\pointnetreg\final_pt
teeth=t11 t12 t13 t14 t15 t16 t17 t21 t22 t23 t24 t25 t26 t27 t31 t32 t33 t34 t35 t36 t37 t41 t42 t43 t44 t45 t46 t47

Case 006: 244/244 landmarks (100.0% coverage). Missing teeth: []
raw_dir=C:\MISC\Deepcare\Orthodontics\datasets\landmarks_dataset\raw\6
infer_dir=C:\MISC\Deepcare\Orthodontics\outputs\pointnetreg\final_output\infer_tmp\006
samples_root=C:\MISC\Deepcare\Orthodontics\datasets\landmarks_dataset\cooked\p0\samples
checkpoint_root=C:\MISC\Deepcare\Orthodontics\outputs\pointnetreg\final_pt
teeth=t11 t12 t13 t14 t15 t16 t17 t21 t22 t23 t24 t25 t26 t27 t31 t32 t33 t34 t35 t36 t37 t41 t42 t43 t44 t45 t46 t47

Case 007: 237/244 landmarks (97.1% coverage). Missing teeth: []
raw_dir=C:\MISC\Deepcare\Orthodontics\datasets\landmarks_dataset\raw\7
infer_dir=C:\MISC\Deepcare\Orthodontics\outputs\pointnetreg\final_output\infer_tmp\007
samples_root=C:\MISC\Deepcare\Orthodontics\datasets\landmarks_dataset\cooked\p0\samples
checkpoint_root=C:\MISC\Deepcare\Orthodontics\outputs\pointnetreg\final_pt
teeth=t11 t12 t13 t14 t15 t16 t17 t21 t22 t23 t24 t25 t26 t27 t31 t32 t33 t34 t35 t36 t37 t41 t42 t43 t44 t45 t46 t47

Case 008: 235/244 landmarks (96.3% coverage). Missing teeth: []
raw_dir=C:\MISC\Deepcare\Orthodontics\datasets\landmarks_dataset\raw\8
infer_dir=C:\MISC\Deepcare\Orthodontics\outputs\pointnetreg\final_output\infer_tmp\008
samples_root=C:\MISC\Deepcare\Orthodontics\datasets\landmarks_dataset\cooked\p0\samples
checkpoint_root=C:\MISC\Deepcare\Orthodontics\outputs\pointnetreg\final_pt
teeth=t11 t12 t13 t14 t15 t16 t17 t21 t22 t23 t24 t25 t26 t27 t31 t32 t33 t34 t35 t36 t37 t41 t42 t43 t44 t45 t46 t47

Case 009: 242/244 landmarks (99.2% coverage). Missing teeth: []
raw_dir=C:\MISC\Deepcare\Orthodontics\datasets\landmarks_dataset\raw\9
infer_dir=C:\MISC\Deepcare\Orthodontics\outputs\pointnetreg\final_output\infer_tmp\009
samples_root=C:\MISC\Deepcare\Orthodontics\datasets\landmarks_dataset\cooked\p0\samples
checkpoint_root=C:\MISC\Deepcare\Orthodontics\outputs\pointnetreg\final_pt
teeth=t11 t12 t13 t14 t15 t16 t17 t21 t22 t23 t24 t25 t26 t27 t31 t32 t33 t34 t35 t36 t37 t41 t42 t43 t44 t45 t46 t47

Case 010: 244/244 landmarks (100.0% coverage). Missing teeth: []
raw_dir=C:\MISC\Deepcare\Orthodontics\datasets\landmarks_dataset\raw\10
infer_dir=C:\MISC\Deepcare\Orthodontics\outputs\pointnetreg\final_output\infer_tmp\010
samples_root=C:\MISC\Deepcare\Orthodontics\datasets\landmarks_dataset\cooked\p0\samples
checkpoint_root=C:\MISC\Deepcare\Orthodontics\outputs\pointnetreg\final_pt
teeth=t11 t12 t13 t14 t15 t16 t17 t21 t22 t23 t24 t25 t26 t27 t31 t32 t33 t34 t35 t36 t37 t41 t42 t43 t44 t45 t46 t47

Case 011: 244/244 landmarks (100.0% coverage). Missing teeth: []
raw_dir=C:\MISC\Deepcare\Orthodontics\datasets\landmarks_dataset\raw\11
infer_dir=C:\MISC\Deepcare\Orthodontics\outputs\pointnetreg\final_output\infer_tmp\011
samples_root=C:\MISC\Deepcare\Orthodontics\datasets\landmarks_dataset\cooked\p0\samples
checkpoint_root=C:\MISC\Deepcare\Orthodontics\outputs\pointnetreg\final_pt
teeth=t11 t12 t13 t14 t15 t16 t17 t21 t22 t23 t24 t25 t26 t27 t31 t32 t33 t34 t35 t36 t37 t41 t42 t43 t44 t45 t46 t47

Case 012: 230/244 landmarks (94.3% coverage). Missing teeth: []
raw_dir=C:\MISC\Deepcare\Orthodontics\datasets\landmarks_dataset\raw\12
infer_dir=C:\MISC\Deepcare\Orthodontics\outputs\pointnetreg\final_output\infer_tmp\012
samples_root=C:\MISC\Deepcare\Orthodontics\datasets\landmarks_dataset\cooked\p0\samples
checkpoint_root=C:\MISC\Deepcare\Orthodontics\outputs\pointnetreg\final_pt
teeth=t11 t12 t13 t14 t15 t16 t17 t21 t22 t23 t24 t25 t26 t27 t31 t32 t33 t34 t35 t36 t37 t41 t42 t43 t44 t45 t46 t47

Case 013: 239/244 landmarks (98.0% coverage). Missing teeth: []
raw_dir=C:\MISC\Deepcare\Orthodontics\datasets\landmarks_dataset\raw\13
infer_dir=C:\MISC\Deepcare\Orthodontics\outputs\pointnetreg\final_output\infer_tmp\013
samples_root=C:\MISC\Deepcare\Orthodontics\datasets\landmarks_dataset\cooked\p0\samples
checkpoint_root=C:\MISC\Deepcare\Orthodontics\outputs\pointnetreg\final_pt
teeth=t11 t12 t13 t14 t15 t16 t17 t21 t22 t23 t24 t25 t26 t27 t31 t32 t33 t34 t35 t36 t37 t41 t42 t43 t44 t45 t46 t47

Case 014: 241/244 landmarks (98.8% coverage). Missing teeth: []
raw_dir=C:\MISC\Deepcare\Orthodontics\datasets\landmarks_dataset\raw\14
infer_dir=C:\MISC\Deepcare\Orthodontics\outputs\pointnetreg\final_output\infer_tmp\014
samples_root=C:\MISC\Deepcare\Orthodontics\datasets\landmarks_dataset\cooked\p0\samples
checkpoint_root=C:\MISC\Deepcare\Orthodontics\outputs\pointnetreg\final_pt
teeth=t11 t12 t13 t14 t15 t16 t17 t21 t22 t23 t24 t25 t26 t27 t31 t32 t33 t34 t35 t36 t37 t41 t42 t43 t44 t45 t46 t47

Case 015: 241/244 landmarks (98.8% coverage). Missing teeth: []
raw_dir=C:\MISC\Deepcare\Orthodontics\datasets\landmarks_dataset\raw\15
infer_dir=C:\MISC\Deepcare\Orthodontics\outputs\pointnetreg\final_output\infer_tmp\015
samples_root=C:\MISC\Deepcare\Orthodontics\datasets\landmarks_dataset\cooked\p0\samples
checkpoint_root=C:\MISC\Deepcare\Orthodontics\outputs\pointnetreg\final_pt
teeth=t11 t12 t13 t14 t15 t16 t17 t21 t22 t23 t24 t25 t26 t27 t31 t32 t33 t34 t35 t36 t37 t41 t42 t43 t44 t45 t46 t47

Case 016: 244/244 landmarks (100.0% coverage). Missing teeth: []
raw_dir=C:\MISC\Deepcare\Orthodontics\datasets\landmarks_dataset\raw\16
infer_dir=C:\MISC\Deepcare\Orthodontics\outputs\pointnetreg\final_output\infer_tmp\016
samples_root=C:\MISC\Deepcare\Orthodontics\datasets\landmarks_dataset\cooked\p0\samples
checkpoint_root=C:\MISC\Deepcare\Orthodontics\outputs\pointnetreg\final_pt
teeth=t11 t12 t13 t14 t15 t16 t17 t21 t22 t23 t24 t25 t26 t27 t31 t32 t33 t34 t35 t36 t37 t41 t42 t43 t44 t45 t46 t47

Case 017: 238/244 landmarks (97.5% coverage). Missing teeth: []
raw_dir=C:\MISC\Deepcare\Orthodontics\datasets\landmarks_dataset\raw\17
infer_dir=C:\MISC\Deepcare\Orthodontics\outputs\pointnetreg\final_output\infer_tmp\017
samples_root=C:\MISC\Deepcare\Orthodontics\datasets\landmarks_dataset\cooked\p0\samples
checkpoint_root=C:\MISC\Deepcare\Orthodontics\outputs\pointnetreg\final_pt
teeth=t11 t12 t13 t14 t15 t16 t17 t21 t22 t23 t24 t25 t26 t27 t31 t32 t33 t34 t35 t36 t37 t41 t42 t43 t44 t45 t46 t47

Case 018: 244/244 landmarks (100.0% coverage). Missing teeth: []
raw_dir=C:\MISC\Deepcare\Orthodontics\datasets\landmarks_dataset\raw\18
infer_dir=C:\MISC\Deepcare\Orthodontics\outputs\pointnetreg\final_output\infer_tmp\018
samples_root=C:\MISC\Deepcare\Orthodontics\datasets\landmarks_dataset\cooked\p0\samples
checkpoint_root=C:\MISC\Deepcare\Orthodontics\outputs\pointnetreg\final_pt
teeth=t11 t12 t13 t14 t15 t16 t17 t21 t22 t23 t24 t25 t26 t27 t31 t32 t33 t34 t35 t36 t37 t41 t42 t43 t44 t45 t46 t47

Case 019: 237/244 landmarks (97.1% coverage). Missing teeth: []
raw_dir=C:\MISC\Deepcare\Orthodontics\datasets\landmarks_dataset\raw\19
infer_dir=C:\MISC\Deepcare\Orthodontics\outputs\pointnetreg\final_output\infer_tmp\019
samples_root=C:\MISC\Deepcare\Orthodontics\datasets\landmarks_dataset\cooked\p0\samples
checkpoint_root=C:\MISC\Deepcare\Orthodontics\outputs\pointnetreg\final_pt
teeth=t11 t12 t13 t14 t15 t16 t17 t21 t22 t23 t24 t25 t26 t27 t31 t32 t33 t34 t35 t36 t37 t41 t42 t43 t44 t45 t46 t47

Case 020: 230/244 landmarks (94.3% coverage). Missing teeth: []
raw_dir=C:\MISC\Deepcare\Orthodontics\datasets\landmarks_dataset\raw\20
infer_dir=C:\MISC\Deepcare\Orthodontics\outputs\pointnetreg\final_output\infer_tmp\020
samples_root=C:\MISC\Deepcare\Orthodontics\datasets\landmarks_dataset\cooked\p0\samples
checkpoint_root=C:\MISC\Deepcare\Orthodontics\outputs\pointnetreg\final_pt
teeth=t11 t12 t13 t14 t15 t16 t17 t21 t22 t23 t24 t25 t26 t27 t31 t32 t33 t34 t35 t36 t37 t41 t42 t43 t44 t45 t46 t47

Case 021: 244/244 landmarks (100.0% coverage). Missing teeth: []
raw_dir=C:\MISC\Deepcare\Orthodontics\datasets\landmarks_dataset\raw\21
infer_dir=C:\MISC\Deepcare\Orthodontics\outputs\pointnetreg\final_output\infer_tmp\021
samples_root=C:\MISC\Deepcare\Orthodontics\datasets\landmarks_dataset\cooked\p0\samples
checkpoint_root=C:\MISC\Deepcare\Orthodontics\outputs\pointnetreg\final_pt
teeth=t11 t12 t13 t14 t15 t16 t17 t21 t22 t23 t24 t25 t26 t27 t31 t32 t33 t34 t35 t36 t37 t41 t42 t43 t44 t45 t46 t47

Case 022: 244/244 landmarks (100.0% coverage). Missing teeth: []
raw_dir=C:\MISC\Deepcare\Orthodontics\datasets\landmarks_dataset\raw\22
infer_dir=C:\MISC\Deepcare\Orthodontics\outputs\pointnetreg\final_output\infer_tmp\022
samples_root=C:\MISC\Deepcare\Orthodontics\datasets\landmarks_dataset\cooked\p0\samples
checkpoint_root=C:\MISC\Deepcare\Orthodontics\outputs\pointnetreg\final_pt
teeth=t11 t12 t13 t14 t15 t16 t17 t21 t22 t23 t24 t25 t26 t27 t31 t32 t33 t34 t35 t36 t37 t41 t42 t43 t44 t45 t46 t47

Case 023: 122/244 landmarks (50.0% coverage). Missing teeth: ['t31', 't32', 't33', 't34', 't35', 't36', 't37', 't41', 't42', 't43', 't44', 't45', 't46', 't47']
raw_dir=C:\MISC\Deepcare\Orthodontics\datasets\landmarks_dataset\raw\23
infer_dir=C:\MISC\Deepcare\Orthodontics\outputs\pointnetreg\final_output\infer_tmp\023
samples_root=C:\MISC\Deepcare\Orthodontics\datasets\landmarks_dataset\cooked\p0\samples
checkpoint_root=C:\MISC\Deepcare\Orthodontics\outputs\pointnetreg\final_pt
teeth=t11 t12 t13 t14 t15 t16 t17 t21 t22 t23 t24 t25 t26 t27

Case 024: 240/244 landmarks (98.4% coverage). Missing teeth: []
raw_dir=C:\MISC\Deepcare\Orthodontics\datasets\landmarks_dataset\raw\24
infer_dir=C:\MISC\Deepcare\Orthodontics\outputs\pointnetreg\final_output\infer_tmp\024
samples_root=C:\MISC\Deepcare\Orthodontics\datasets\landmarks_dataset\cooked\p0\samples
checkpoint_root=C:\MISC\Deepcare\Orthodontics\outputs\pointnetreg\final_pt
teeth=t11 t12 t13 t14 t15 t16 t17 t21 t22 t23 t24 t25 t26 t27 t31 t32 t33 t34 t35 t36 t37 t41 t42 t43 t44 t45 t46 t47

Case 025: 236/244 landmarks (96.7% coverage). Missing teeth: []
raw_dir=C:\MISC\Deepcare\Orthodontics\datasets\landmarks_dataset\raw\25
infer_dir=C:\MISC\Deepcare\Orthodontics\outputs\pointnetreg\final_output\infer_tmp\025
samples_root=C:\MISC\Deepcare\Orthodontics\datasets\landmarks_dataset\cooked\p0\samples
checkpoint_root=C:\MISC\Deepcare\Orthodontics\outputs\pointnetreg\final_pt
teeth=t11 t12 t13 t14 t15 t16 t17 t21 t22 t23 t24 t25 t26 t27 t31 t32 t33 t34 t35 t36 t37 t41 t42 t43 t44 t45 t46 t47

Case 026: 237/244 landmarks (97.1% coverage). Missing teeth: ['t22']
raw_dir=C:\MISC\Deepcare\Orthodontics\datasets\landmarks_dataset\raw\26
infer_dir=C:\MISC\Deepcare\Orthodontics\outputs\pointnetreg\final_output\infer_tmp\026
samples_root=C:\MISC\Deepcare\Orthodontics\datasets\landmarks_dataset\cooked\p0\samples
checkpoint_root=C:\MISC\Deepcare\Orthodontics\outputs\pointnetreg\final_pt
teeth=t11 t12 t13 t14 t15 t16 t17 t21 t23 t24 t25 t26 t27 t31 t32 t33 t34 t35 t36 t37 t41 t42 t43 t44 t45 t46 t47

Case 027: 243/244 landmarks (99.6% coverage). Missing teeth: []
raw_dir=C:\MISC\Deepcare\Orthodontics\datasets\landmarks_dataset\raw\27
infer_dir=C:\MISC\Deepcare\Orthodontics\outputs\pointnetreg\final_output\infer_tmp\027
samples_root=C:\MISC\Deepcare\Orthodontics\datasets\landmarks_dataset\cooked\p0\samples
checkpoint_root=C:\MISC\Deepcare\Orthodontics\outputs\pointnetreg\final_pt
teeth=t11 t12 t13 t14 t15 t16 t17 t21 t22 t23 t24 t25 t26 t27 t31 t32 t33 t34 t35 t36 t37 t41 t42 t43 t44 t45 t46 t47

Case 028: 243/244 landmarks (99.6% coverage). Missing teeth: []
raw_dir=C:\MISC\Deepcare\Orthodontics\datasets\landmarks_dataset\raw\28
infer_dir=C:\MISC\Deepcare\Orthodontics\outputs\pointnetreg\final_output\infer_tmp\028
samples_root=C:\MISC\Deepcare\Orthodontics\datasets\landmarks_dataset\cooked\p0\samples
checkpoint_root=C:\MISC\Deepcare\Orthodontics\outputs\pointnetreg\final_pt
teeth=t11 t12 t13 t14 t15 t16 t17 t21 t22 t23 t24 t25 t26 t27 t31 t32 t33 t34 t35 t36 t37 t41 t42 t43 t44 t45 t46 t47

Case 029: 242/244 landmarks (99.2% coverage). Missing teeth: []
raw_dir=C:\MISC\Deepcare\Orthodontics\datasets\landmarks_dataset\raw\29
infer_dir=C:\MISC\Deepcare\Orthodontics\outputs\pointnetreg\final_output\infer_tmp\029
samples_root=C:\MISC\Deepcare\Orthodontics\datasets\landmarks_dataset\cooked\p0\samples
checkpoint_root=C:\MISC\Deepcare\Orthodontics\outputs\pointnetreg\final_pt
teeth=t11 t12 t13 t14 t15 t16 t17 t21 t22 t23 t24 t25 t26 t27 t31 t32 t33 t34 t35 t36 t37 t41 t42 t43 t44 t45 t46 t47

Case 030: 240/244 landmarks (98.4% coverage). Missing teeth: []
raw_dir=C:\MISC\Deepcare\Orthodontics\datasets\landmarks_dataset\raw\30
infer_dir=C:\MISC\Deepcare\Orthodontics\outputs\pointnetreg\final_output\infer_tmp\030
samples_root=C:\MISC\Deepcare\Orthodontics\datasets\landmarks_dataset\cooked\p0\samples
checkpoint_root=C:\MISC\Deepcare\Orthodontics\outputs\pointnetreg\final_pt
teeth=t11 t12 t13 t14 t15 t16 t17 t21 t22 t23 t24 t25 t26 t27 t31 t32 t33 t34 t35 t36 t37 t41 t42 t43 t44 t45 t46 t47

Case 031: 243/244 landmarks (99.6% coverage). Missing teeth: []
raw_dir=C:\MISC\Deepcare\Orthodontics\datasets\landmarks_dataset\raw\31
infer_dir=C:\MISC\Deepcare\Orthodontics\outputs\pointnetreg\final_output\infer_tmp\031
samples_root=C:\MISC\Deepcare\Orthodontics\datasets\landmarks_dataset\cooked\p0\samples
checkpoint_root=C:\MISC\Deepcare\Orthodontics\outputs\pointnetreg\final_pt
teeth=t11 t12 t13 t14 t15 t16 t17 t21 t22 t23 t24 t25 t26 t27 t31 t32 t33 t34 t35 t36 t37 t41 t42 t43 t44 t45 t46 t47

Case 032: 244/244 landmarks (100.0% coverage). Missing teeth: []
raw_dir=C:\MISC\Deepcare\Orthodontics\datasets\landmarks_dataset\raw\32
infer_dir=C:\MISC\Deepcare\Orthodontics\outputs\pointnetreg\final_output\infer_tmp\032
samples_root=C:\MISC\Deepcare\Orthodontics\datasets\landmarks_dataset\cooked\p0\samples
checkpoint_root=C:\MISC\Deepcare\Orthodontics\outputs\pointnetreg\final_pt
teeth=t11 t12 t13 t14 t15 t16 t17 t21 t22 t23 t24 t25 t26 t27 t31 t32 t33 t34 t35 t36 t37 t41 t42 t43 t44 t45 t46 t47

Case 033: 244/244 landmarks (100.0% coverage). Missing teeth: []
raw_dir=C:\MISC\Deepcare\Orthodontics\datasets\landmarks_dataset\raw\33
infer_dir=C:\MISC\Deepcare\Orthodontics\outputs\pointnetreg\final_output\infer_tmp\033
samples_root=C:\MISC\Deepcare\Orthodontics\datasets\landmarks_dataset\cooked\p0\samples
checkpoint_root=C:\MISC\Deepcare\Orthodontics\outputs\pointnetreg\final_pt
teeth=t11 t12 t13 t14 t15 t16 t17 t21 t22 t23 t24 t25 t26 t27 t31 t32 t33 t34 t35 t36 t37 t41 t42 t43 t44 t45 t46 t47

Case 034: 244/244 landmarks (100.0% coverage). Missing teeth: []
raw_dir=C:\MISC\Deepcare\Orthodontics\datasets\landmarks_dataset\raw\34
infer_dir=C:\MISC\Deepcare\Orthodontics\outputs\pointnetreg\final_output\infer_tmp\034
samples_root=C:\MISC\Deepcare\Orthodontics\datasets\landmarks_dataset\cooked\p0\samples
checkpoint_root=C:\MISC\Deepcare\Orthodontics\outputs\pointnetreg\final_pt
teeth=t11 t12 t13 t14 t15 t16 t17 t21 t22 t23 t24 t25 t26 t27 t31 t32 t33 t34 t35 t36 t37 t41 t42 t43 t44 t45 t46 t47

Case 035: 244/244 landmarks (100.0% coverage). Missing teeth: []
raw_dir=C:\MISC\Deepcare\Orthodontics\datasets\landmarks_dataset\raw\35
infer_dir=C:\MISC\Deepcare\Orthodontics\outputs\pointnetreg\final_output\infer_tmp\035
samples_root=C:\MISC\Deepcare\Orthodontics\datasets\landmarks_dataset\cooked\p0\samples
checkpoint_root=C:\MISC\Deepcare\Orthodontics\outputs\pointnetreg\final_pt
teeth=t11 t12 t13 t14 t15 t16 t17 t21 t22 t23 t24 t25 t26 t27 t31 t32 t33 t34 t35 t36 t37 t41 t42 t43 t44 t45 t46 t47

Case 036: 244/244 landmarks (100.0% coverage). Missing teeth: []
raw_dir=C:\MISC\Deepcare\Orthodontics\datasets\landmarks_dataset\raw\36
infer_dir=C:\MISC\Deepcare\Orthodontics\outputs\pointnetreg\final_output\infer_tmp\036
samples_root=C:\MISC\Deepcare\Orthodontics\datasets\landmarks_dataset\cooked\p0\samples
checkpoint_root=C:\MISC\Deepcare\Orthodontics\outputs\pointnetreg\final_pt
teeth=t11 t12 t13 t14 t15 t16 t17 t21 t22 t23 t24 t25 t26 t27 t31 t32 t33 t34 t35 t36 t37 t41 t42 t43 t44 t45 t46 t47

Case 037: 244/244 landmarks (100.0% coverage). Missing teeth: []
raw_dir=C:\MISC\Deepcare\Orthodontics\datasets\landmarks_dataset\raw\37
infer_dir=C:\MISC\Deepcare\Orthodontics\outputs\pointnetreg\final_output\infer_tmp\037
samples_root=C:\MISC\Deepcare\Orthodontics\datasets\landmarks_dataset\cooked\p0\samples
checkpoint_root=C:\MISC\Deepcare\Orthodontics\outputs\pointnetreg\final_pt
teeth=t11 t12 t13 t14 t15 t16 t17 t21 t22 t23 t24 t25 t26 t27 t31 t32 t33 t34 t35 t36 t37 t41 t42 t43 t44 t45 t46 t47

Case 038: 244/244 landmarks (100.0% coverage). Missing teeth: []
raw_dir=C:\MISC\Deepcare\Orthodontics\datasets\landmarks_dataset\raw\38
infer_dir=C:\MISC\Deepcare\Orthodontics\outputs\pointnetreg\final_output\infer_tmp\038
samples_root=C:\MISC\Deepcare\Orthodontics\datasets\landmarks_dataset\cooked\p0\samples
checkpoint_root=C:\MISC\Deepcare\Orthodontics\outputs\pointnetreg\final_pt
teeth=t11 t12 t13 t14 t15 t16 t17 t21 t22 t23 t24 t25 t26 t27 t31 t32 t33 t34 t35 t36 t37 t41 t42 t43 t44 t45 t46 t47

Case 039: 244/244 landmarks (100.0% coverage). Missing teeth: []
raw_dir=C:\MISC\Deepcare\Orthodontics\datasets\landmarks_dataset\raw\39
infer_dir=C:\MISC\Deepcare\Orthodontics\outputs\pointnetreg\final_output\infer_tmp\039
samples_root=C:\MISC\Deepcare\Orthodontics\datasets\landmarks_dataset\cooked\p0\samples
checkpoint_root=C:\MISC\Deepcare\Orthodontics\outputs\pointnetreg\final_pt
teeth=t11 t12 t13 t14 t15 t16 t17 t21 t22 t23 t24 t25 t26 t27 t31 t32 t33 t34 t35 t36 t37 t41 t42 t43 t44 t45 t46 t47

Case 040: 235/244 landmarks (96.3% coverage). Missing teeth: ['t14']
raw_dir=C:\MISC\Deepcare\Orthodontics\datasets\landmarks_dataset\raw\40
infer_dir=C:\MISC\Deepcare\Orthodontics\outputs\pointnetreg\final_output\infer_tmp\040
samples_root=C:\MISC\Deepcare\Orthodontics\datasets\landmarks_dataset\cooked\p0\samples
checkpoint_root=C:\MISC\Deepcare\Orthodontics\outputs\pointnetreg\final_pt
teeth=t11 t12 t13 t15 t16 t17 t21 t22 t23 t24 t25 t26 t27 t31 t32 t33 t34 t35 t36 t37 t41 t42 t43 t44 t45 t46 t47

Case 041: 226/244 landmarks (92.6% coverage). Missing teeth: ['t34', 't45']
raw_dir=C:\MISC\Deepcare\Orthodontics\datasets\landmarks_dataset\raw\41
infer_dir=C:\MISC\Deepcare\Orthodontics\outputs\pointnetreg\final_output\infer_tmp\041
samples_root=C:\MISC\Deepcare\Orthodontics\datasets\landmarks_dataset\cooked\p0\samples
checkpoint_root=C:\MISC\Deepcare\Orthodontics\outputs\pointnetreg\final_pt
teeth=t11 t12 t13 t14 t15 t16 t17 t21 t22 t23 t24 t25 t26 t27 t31 t32 t33 t35 t36 t37 t41 t42 t43 t44 t46 t47

Case 042: 244/244 landmarks (100.0% coverage). Missing teeth: []
raw_dir=C:\MISC\Deepcare\Orthodontics\datasets\landmarks_dataset\raw\42
infer_dir=C:\MISC\Deepcare\Orthodontics\outputs\pointnetreg\final_output\infer_tmp\042
samples_root=C:\MISC\Deepcare\Orthodontics\datasets\landmarks_dataset\cooked\p0\samples
checkpoint_root=C:\MISC\Deepcare\Orthodontics\outputs\pointnetreg\final_pt
teeth=t11 t12 t13 t14 t15 t16 t17 t21 t22 t23 t24 t25 t26 t27 t31 t32 t33 t34 t35 t36 t37 t41 t42 t43 t44 t45 t46 t47

Case 043: 244/244 landmarks (100.0% coverage). Missing teeth: []
raw_dir=C:\MISC\Deepcare\Orthodontics\datasets\landmarks_dataset\raw\43
infer_dir=C:\MISC\Deepcare\Orthodontics\outputs\pointnetreg\final_output\infer_tmp\043
samples_root=C:\MISC\Deepcare\Orthodontics\datasets\landmarks_dataset\cooked\p0\samples
checkpoint_root=C:\MISC\Deepcare\Orthodontics\outputs\pointnetreg\final_pt
teeth=t11 t12 t13 t14 t15 t16 t17 t21 t22 t23 t24 t25 t26 t27 t31 t32 t33 t34 t35 t36 t37 t41 t42 t43 t44 t45 t46 t47

Case 044: 244/244 landmarks (100.0% coverage). Missing teeth: []
raw_dir=C:\MISC\Deepcare\Orthodontics\datasets\landmarks_dataset\raw\44
infer_dir=C:\MISC\Deepcare\Orthodontics\outputs\pointnetreg\final_output\infer_tmp\044
samples_root=C:\MISC\Deepcare\Orthodontics\datasets\landmarks_dataset\cooked\p0\samples
checkpoint_root=C:\MISC\Deepcare\Orthodontics\outputs\pointnetreg\final_pt
teeth=t11 t12 t13 t14 t15 t16 t17 t21 t22 t23 t24 t25 t26 t27 t31 t32 t33 t34 t35 t36 t37 t41 t42 t43 t44 t45 t46 t47

Case 045: 244/244 landmarks (100.0% coverage). Missing teeth: []
raw_dir=C:\MISC\Deepcare\Orthodontics\datasets\landmarks_dataset\raw\45
infer_dir=C:\MISC\Deepcare\Orthodontics\outputs\pointnetreg\final_output\infer_tmp\045
samples_root=C:\MISC\Deepcare\Orthodontics\datasets\landmarks_dataset\cooked\p0\samples
checkpoint_root=C:\MISC\Deepcare\Orthodontics\outputs\pointnetreg\final_pt
teeth=t11 t12 t13 t14 t15 t16 t17 t21 t22 t23 t24 t25 t26 t27 t31 t32 t33 t34 t35 t36 t37 t41 t42 t43 t44 t45 t46 t47

Case 046: 244/244 landmarks (100.0% coverage). Missing teeth: []
raw_dir=C:\MISC\Deepcare\Orthodontics\datasets\landmarks_dataset\raw\46
infer_dir=C:\MISC\Deepcare\Orthodontics\outputs\pointnetreg\final_output\infer_tmp\046
samples_root=C:\MISC\Deepcare\Orthodontics\datasets\landmarks_dataset\cooked\p0\samples
checkpoint_root=C:\MISC\Deepcare\Orthodontics\outputs\pointnetreg\final_pt
teeth=t11 t12 t13 t14 t15 t16 t17 t21 t22 t23 t24 t25 t26 t27 t31 t32 t33 t34 t35 t36 t37 t41 t42 t43 t44 t45 t46 t47

Case 047: 244/244 landmarks (100.0% coverage). Missing teeth: []
raw_dir=C:\MISC\Deepcare\Orthodontics\datasets\landmarks_dataset\raw\47
infer_dir=C:\MISC\Deepcare\Orthodontics\outputs\pointnetreg\final_output\infer_tmp\047
samples_root=C:\MISC\Deepcare\Orthodontics\datasets\landmarks_dataset\cooked\p0\samples
checkpoint_root=C:\MISC\Deepcare\Orthodontics\outputs\pointnetreg\final_pt
teeth=t11 t12 t13 t14 t15 t16 t17 t21 t22 t23 t24 t25 t26 t27 t31 t32 t33 t34 t35 t36 t37 t41 t42 t43 t44 t45 t46 t47

Case 048: 244/244 landmarks (100.0% coverage). Missing teeth: []
raw_dir=C:\MISC\Deepcare\Orthodontics\datasets\landmarks_dataset\raw\48
infer_dir=C:\MISC\Deepcare\Orthodontics\outputs\pointnetreg\final_output\infer_tmp\048
samples_root=C:\MISC\Deepcare\Orthodontics\datasets\landmarks_dataset\cooked\p0\samples
checkpoint_root=C:\MISC\Deepcare\Orthodontics\outputs\pointnetreg\final_pt
teeth=t11 t12 t13 t14 t15 t16 t17 t21 t22 t23 t24 t25 t26 t27 t31 t32 t33 t34 t35 t36 t37 t41 t42 t43 t44 t45 t46 t47

Case 049: 244/244 landmarks (100.0% coverage). Missing teeth: []
raw_dir=C:\MISC\Deepcare\Orthodontics\datasets\landmarks_dataset\raw\49
infer_dir=C:\MISC\Deepcare\Orthodontics\outputs\pointnetreg\final_output\infer_tmp\049
samples_root=C:\MISC\Deepcare\Orthodontics\datasets\landmarks_dataset\cooked\p0\samples
checkpoint_root=C:\MISC\Deepcare\Orthodontics\outputs\pointnetreg\final_pt
teeth=t11 t12 t13 t14 t15 t16 t17 t21 t22 t23 t24 t25 t26 t27 t31 t32 t33 t34 t35 t36 t37 t41 t42 t43 t44 t45 t46 t47

Case 050: 244/244 landmarks (100.0% coverage). Missing teeth: []
raw_dir=C:\MISC\Deepcare\Orthodontics\datasets\landmarks_dataset\raw\50
infer_dir=C:\MISC\Deepcare\Orthodontics\outputs\pointnetreg\final_output\infer_tmp\050
samples_root=C:\MISC\Deepcare\Orthodontics\datasets\landmarks_dataset\cooked\p0\samples
checkpoint_root=C:\MISC\Deepcare\Orthodontics\outputs\pointnetreg\final_pt
teeth=t11 t12 t13 t14 t15 t16 t17 t21 t22 t23 t24 t25 t26 t27 t31 t32 t33 t34 t35 t36 t37 t41 t42 t43 t44 t45 t46 t47

Case 051: 244/244 landmarks (100.0% coverage). Missing teeth: []
raw_dir=C:\MISC\Deepcare\Orthodontics\datasets\landmarks_dataset\raw\51
infer_dir=C:\MISC\Deepcare\Orthodontics\outputs\pointnetreg\final_output\infer_tmp\051
samples_root=C:\MISC\Deepcare\Orthodontics\datasets\landmarks_dataset\cooked\p0\samples
checkpoint_root=C:\MISC\Deepcare\Orthodontics\outputs\pointnetreg\final_pt
teeth=t11 t12 t13 t14 t15 t16 t17 t21 t22 t23 t24 t25 t26 t27 t31 t32 t33 t34 t35 t36 t37 t41 t42 t43 t44 t45 t46 t47

Case 052: 244/244 landmarks (100.0% coverage). Missing teeth: []
raw_dir=C:\MISC\Deepcare\Orthodontics\datasets\landmarks_dataset\raw\52
infer_dir=C:\MISC\Deepcare\Orthodontics\outputs\pointnetreg\final_output\infer_tmp\052
samples_root=C:\MISC\Deepcare\Orthodontics\datasets\landmarks_dataset\cooked\p0\samples
checkpoint_root=C:\MISC\Deepcare\Orthodontics\outputs\pointnetreg\final_pt
teeth=t11 t12 t13 t14 t15 t16 t17 t21 t22 t23 t24 t25 t26 t27 t31 t32 t33 t34 t35 t36 t37 t41 t42 t43 t44 t45 t46 t47

Case 053: 244/244 landmarks (100.0% coverage). Missing teeth: []
raw_dir=C:\MISC\Deepcare\Orthodontics\datasets\landmarks_dataset\raw\53
infer_dir=C:\MISC\Deepcare\Orthodontics\outputs\pointnetreg\final_output\infer_tmp\053
samples_root=C:\MISC\Deepcare\Orthodontics\datasets\landmarks_dataset\cooked\p0\samples
checkpoint_root=C:\MISC\Deepcare\Orthodontics\outputs\pointnetreg\final_pt
teeth=t11 t12 t13 t14 t15 t16 t17 t21 t22 t23 t24 t25 t26 t27 t31 t32 t33 t34 t35 t36 t37 t41 t42 t43 t44 t45 t46 t47

Case 054: 244/244 landmarks (100.0% coverage). Missing teeth: []
raw_dir=C:\MISC\Deepcare\Orthodontics\datasets\landmarks_dataset\raw\54
infer_dir=C:\MISC\Deepcare\Orthodontics\outputs\pointnetreg\final_output\infer_tmp\054
samples_root=C:\MISC\Deepcare\Orthodontics\datasets\landmarks_dataset\cooked\p0\samples
checkpoint_root=C:\MISC\Deepcare\Orthodontics\outputs\pointnetreg\final_pt
teeth=t11 t12 t13 t14 t15 t16 t17 t21 t22 t23 t24 t25 t26 t27 t31 t32 t33 t34 t35 t36 t37 t41 t42 t43 t44 t45 t46 t47

Case 055: 244/244 landmarks (100.0% coverage). Missing teeth: []
raw_dir=C:\MISC\Deepcare\Orthodontics\datasets\landmarks_dataset\raw\55
infer_dir=C:\MISC\Deepcare\Orthodontics\outputs\pointnetreg\final_output\infer_tmp\055
samples_root=C:\MISC\Deepcare\Orthodontics\datasets\landmarks_dataset\cooked\p0\samples
checkpoint_root=C:\MISC\Deepcare\Orthodontics\outputs\pointnetreg\final_pt
teeth=t11 t12 t13 t14 t15 t16 t17 t21 t22 t23 t24 t25 t26 t27 t31 t32 t33 t34 t35 t36 t37 t41 t42 t43 t44 t45 t46 t47

Case 056: 244/244 landmarks (100.0% coverage). Missing teeth: []
raw_dir=C:\MISC\Deepcare\Orthodontics\datasets\landmarks_dataset\raw\56
infer_dir=C:\MISC\Deepcare\Orthodontics\outputs\pointnetreg\final_output\infer_tmp\056
samples_root=C:\MISC\Deepcare\Orthodontics\datasets\landmarks_dataset\cooked\p0\samples
checkpoint_root=C:\MISC\Deepcare\Orthodontics\outputs\pointnetreg\final_pt
teeth=t11 t12 t13 t14 t15 t16 t17 t21 t22 t23 t24 t25 t26 t27 t31 t32 t33 t34 t35 t36 t37 t41 t42 t43 t44 t45 t46 t47

Case 057: 243/244 landmarks (99.6% coverage). Missing teeth: []
raw_dir=C:\MISC\Deepcare\Orthodontics\datasets\landmarks_dataset\raw\57
infer_dir=C:\MISC\Deepcare\Orthodontics\outputs\pointnetreg\final_output\infer_tmp\057
samples_root=C:\MISC\Deepcare\Orthodontics\datasets\landmarks_dataset\cooked\p0\samples
checkpoint_root=C:\MISC\Deepcare\Orthodontics\outputs\pointnetreg\final_pt
teeth=t11 t12 t13 t14 t15 t16 t17 t21 t22 t23 t24 t25 t26 t27 t31 t32 t33 t34 t35 t36 t37 t41 t42 t43 t44 t45 t46 t47

Case 058: 244/244 landmarks (100.0% coverage). Missing teeth: []
raw_dir=C:\MISC\Deepcare\Orthodontics\datasets\landmarks_dataset\raw\58
infer_dir=C:\MISC\Deepcare\Orthodontics\outputs\pointnetreg\final_output\infer_tmp\058
samples_root=C:\MISC\Deepcare\Orthodontics\datasets\landmarks_dataset\cooked\p0\samples
checkpoint_root=C:\MISC\Deepcare\Orthodontics\outputs\pointnetreg\final_pt
teeth=t11 t12 t13 t14 t15 t16 t17 t21 t22 t23 t24 t25 t26 t27 t31 t32 t33 t34 t35 t36 t37 t41 t42 t43 t44 t45 t46 t47

Case 059: 244/244 landmarks (100.0% coverage). Missing teeth: []
raw_dir=C:\MISC\Deepcare\Orthodontics\datasets\landmarks_dataset\raw\59
infer_dir=C:\MISC\Deepcare\Orthodontics\outputs\pointnetreg\final_output\infer_tmp\059
samples_root=C:\MISC\Deepcare\Orthodontics\datasets\landmarks_dataset\cooked\p0\samples
checkpoint_root=C:\MISC\Deepcare\Orthodontics\outputs\pointnetreg\final_pt
teeth=t11 t12 t13 t14 t15 t16 t17 t21 t22 t23 t24 t25 t26 t27 t31 t32 t33 t34 t35 t36 t37 t41 t42 t43 t44 t45 t46 t47

Case 060: 244/244 landmarks (100.0% coverage). Missing teeth: []
raw_dir=C:\MISC\Deepcare\Orthodontics\datasets\landmarks_dataset\raw\60
infer_dir=C:\MISC\Deepcare\Orthodontics\outputs\pointnetreg\final_output\infer_tmp\060
samples_root=C:\MISC\Deepcare\Orthodontics\datasets\landmarks_dataset\cooked\p0\samples
checkpoint_root=C:\MISC\Deepcare\Orthodontics\outputs\pointnetreg\final_pt
teeth=t11 t12 t13 t14 t15 t16 t17 t21 t22 t23 t24 t25 t26 t27 t31 t32 t33 t34 t35 t36 t37 t41 t42 t43 t44 t45 t46 t47

Case 061: 244/244 landmarks (100.0% coverage). Missing teeth: []
raw_dir=C:\MISC\Deepcare\Orthodontics\datasets\landmarks_dataset\raw\61
infer_dir=C:\MISC\Deepcare\Orthodontics\outputs\pointnetreg\final_output\infer_tmp\061
samples_root=C:\MISC\Deepcare\Orthodontics\datasets\landmarks_dataset\cooked\p0\samples
checkpoint_root=C:\MISC\Deepcare\Orthodontics\outputs\pointnetreg\final_pt
teeth=t11 t12 t13 t14 t15 t16 t17 t21 t22 t23 t24 t25 t26 t27 t31 t32 t33 t34 t35 t36 t37 t41 t42 t43 t44 t45 t46 t47

Case 062: 244/244 landmarks (100.0% coverage). Missing teeth: []
raw_dir=C:\MISC\Deepcare\Orthodontics\datasets\landmarks_dataset\raw\62
infer_dir=C:\MISC\Deepcare\Orthodontics\outputs\pointnetreg\final_output\infer_tmp\062
samples_root=C:\MISC\Deepcare\Orthodontics\datasets\landmarks_dataset\cooked\p0\samples
checkpoint_root=C:\MISC\Deepcare\Orthodontics\outputs\pointnetreg\final_pt
teeth=t11 t12 t13 t14 t15 t16 t17 t21 t22 t23 t24 t25 t26 t27 t31 t32 t33 t34 t35 t36 t37 t41 t42 t43 t44 t45 t46 t47

Case 063: 244/244 landmarks (100.0% coverage). Missing teeth: []
raw_dir=C:\MISC\Deepcare\Orthodontics\datasets\landmarks_dataset\raw\63
infer_dir=C:\MISC\Deepcare\Orthodontics\outputs\pointnetreg\final_output\infer_tmp\063
samples_root=C:\MISC\Deepcare\Orthodontics\datasets\landmarks_dataset\cooked\p0\samples
checkpoint_root=C:\MISC\Deepcare\Orthodontics\outputs\pointnetreg\final_pt
teeth=t11 t12 t13 t14 t15 t16 t17 t21 t22 t23 t24 t25 t26 t27 t31 t32 t33 t34 t35 t36 t37 t41 t42 t43 t44 t45 t46 t47

Case 064: 244/244 landmarks (100.0% coverage). Missing teeth: []
raw_dir=C:\MISC\Deepcare\Orthodontics\datasets\landmarks_dataset\raw\64
infer_dir=C:\MISC\Deepcare\Orthodontics\outputs\pointnetreg\final_output\infer_tmp\064
samples_root=C:\MISC\Deepcare\Orthodontics\datasets\landmarks_dataset\cooked\p0\samples
checkpoint_root=C:\MISC\Deepcare\Orthodontics\outputs\pointnetreg\final_pt
teeth=t11 t12 t13 t14 t15 t16 t17 t21 t22 t23 t24 t25 t26 t27 t31 t32 t33 t34 t35 t36 t37 t41 t42 t43 t44 t45 t46 t47

Case 065: 244/244 landmarks (100.0% coverage). Missing teeth: []
raw_dir=C:\MISC\Deepcare\Orthodontics\datasets\landmarks_dataset\raw\65
infer_dir=C:\MISC\Deepcare\Orthodontics\outputs\pointnetreg\final_output\infer_tmp\065
samples_root=C:\MISC\Deepcare\Orthodontics\datasets\landmarks_dataset\cooked\p0\samples
checkpoint_root=C:\MISC\Deepcare\Orthodontics\outputs\pointnetreg\final_pt
teeth=t11 t12 t13 t14 t15 t16 t17 t21 t22 t23 t24 t25 t26 t27 t31 t32 t33 t34 t35 t36 t37 t41 t42 t43 t44 t45 t46 t47

Case 066: 244/244 landmarks (100.0% coverage). Missing teeth: []
raw_dir=C:\MISC\Deepcare\Orthodontics\datasets\landmarks_dataset\raw\66
infer_dir=C:\MISC\Deepcare\Orthodontics\outputs\pointnetreg\final_output\infer_tmp\066
samples_root=C:\MISC\Deepcare\Orthodontics\datasets\landmarks_dataset\cooked\p0\samples
checkpoint_root=C:\MISC\Deepcare\Orthodontics\outputs\pointnetreg\final_pt
teeth=t11 t12 t13 t14 t15 t16 t17 t21 t22 t23 t24 t25 t26 t27 t31 t32 t33 t34 t35 t36 t37 t41 t42 t43 t44 t45 t46 t47

Case 067: 244/244 landmarks (100.0% coverage). Missing teeth: []
raw_dir=C:\MISC\Deepcare\Orthodontics\datasets\landmarks_dataset\raw\67
infer_dir=C:\MISC\Deepcare\Orthodontics\outputs\pointnetreg\final_output\infer_tmp\067
samples_root=C:\MISC\Deepcare\Orthodontics\datasets\landmarks_dataset\cooked\p0\samples
checkpoint_root=C:\MISC\Deepcare\Orthodontics\outputs\pointnetreg\final_pt
teeth=t11 t12 t13 t14 t15 t16 t17 t21 t22 t23 t24 t25 t26 t27 t31 t32 t33 t34 t35 t36 t37 t41 t42 t43 t44 t45 t46 t47

Case 068: 244/244 landmarks (100.0% coverage). Missing teeth: []
raw_dir=C:\MISC\Deepcare\Orthodontics\datasets\landmarks_dataset\raw\68
infer_dir=C:\MISC\Deepcare\Orthodontics\outputs\pointnetreg\final_output\infer_tmp\068
samples_root=C:\MISC\Deepcare\Orthodontics\datasets\landmarks_dataset\cooked\p0\samples
checkpoint_root=C:\MISC\Deepcare\Orthodontics\outputs\pointnetreg\final_pt
teeth=t11 t12 t13 t14 t15 t16 t17 t21 t22 t23 t24 t25 t26 t27 t31 t32 t33 t34 t35 t36 t37 t41 t42 t43 t44 t45 t46 t47

Case 069: 230/244 landmarks (94.3% coverage). Missing teeth: ['t31', 't42']
raw_dir=C:\MISC\Deepcare\Orthodontics\datasets\landmarks_dataset\raw\69
infer_dir=C:\MISC\Deepcare\Orthodontics\outputs\pointnetreg\final_output\infer_tmp\069
samples_root=C:\MISC\Deepcare\Orthodontics\datasets\landmarks_dataset\cooked\p0\samples
checkpoint_root=C:\MISC\Deepcare\Orthodontics\outputs\pointnetreg\final_pt
teeth=t11 t12 t13 t14 t15 t16 t17 t21 t22 t23 t24 t25 t26 t27 t32 t33 t34 t35 t36 t37 t41 t43 t44 t45 t46 t47

Case 070: 244/244 landmarks (100.0% coverage). Missing teeth: []
raw_dir=C:\MISC\Deepcare\Orthodontics\datasets\landmarks_dataset\raw\70
infer_dir=C:\MISC\Deepcare\Orthodontics\outputs\pointnetreg\final_output\infer_tmp\070
samples_root=C:\MISC\Deepcare\Orthodontics\datasets\landmarks_dataset\cooked\p0\samples
checkpoint_root=C:\MISC\Deepcare\Orthodontics\outputs\pointnetreg\final_pt
teeth=t11 t12 t13 t14 t15 t16 t17 t21 t22 t23 t24 t25 t26 t27 t31 t32 t33 t34 t35 t36 t37 t41 t42 t43 t44 t45 t46 t47

Case 071: 244/244 landmarks (100.0% coverage). Missing teeth: []
raw_dir=C:\MISC\Deepcare\Orthodontics\datasets\landmarks_dataset\raw\71
infer_dir=C:\MISC\Deepcare\Orthodontics\outputs\pointnetreg\final_output\infer_tmp\071
samples_root=C:\MISC\Deepcare\Orthodontics\datasets\landmarks_dataset\cooked\p0\samples
checkpoint_root=C:\MISC\Deepcare\Orthodontics\outputs\pointnetreg\final_pt
teeth=t11 t12 t13 t14 t15 t16 t17 t21 t22 t23 t24 t25 t26 t27 t31 t32 t33 t34 t35 t36 t37 t41 t42 t43 t44 t45 t46 t47

Case 072: 232/244 landmarks (95.1% coverage). Missing teeth: ['t36']
raw_dir=C:\MISC\Deepcare\Orthodontics\datasets\landmarks_dataset\raw\72
infer_dir=C:\MISC\Deepcare\Orthodontics\outputs\pointnetreg\final_output\infer_tmp\072
samples_root=C:\MISC\Deepcare\Orthodontics\datasets\landmarks_dataset\cooked\p0\samples
checkpoint_root=C:\MISC\Deepcare\Orthodontics\outputs\pointnetreg\final_pt
teeth=t11 t12 t13 t14 t15 t16 t17 t21 t22 t23 t24 t25 t26 t27 t31 t32 t33 t34 t35 t37 t41 t42 t43 t44 t45 t46 t47

Case 073: 244/244 landmarks (100.0% coverage). Missing teeth: []
raw_dir=C:\MISC\Deepcare\Orthodontics\datasets\landmarks_dataset\raw\73
infer_dir=C:\MISC\Deepcare\Orthodontics\outputs\pointnetreg\final_output\infer_tmp\073
samples_root=C:\MISC\Deepcare\Orthodontics\datasets\landmarks_dataset\cooked\p0\samples
checkpoint_root=C:\MISC\Deepcare\Orthodontics\outputs\pointnetreg\final_pt
teeth=t11 t12 t13 t14 t15 t16 t17 t21 t22 t23 t24 t25 t26 t27 t31 t32 t33 t34 t35 t36 t37 t41 t42 t43 t44 t45 t46 t47

Case 074: 232/244 landmarks (95.1% coverage). Missing teeth: ['t47']
raw_dir=C:\MISC\Deepcare\Orthodontics\datasets\landmarks_dataset\raw\74
infer_dir=C:\MISC\Deepcare\Orthodontics\outputs\pointnetreg\final_output\infer_tmp\074
samples_root=C:\MISC\Deepcare\Orthodontics\datasets\landmarks_dataset\cooked\p0\samples
checkpoint_root=C:\MISC\Deepcare\Orthodontics\outputs\pointnetreg\final_pt
teeth=t11 t12 t13 t14 t15 t16 t17 t21 t22 t23 t24 t25 t26 t27 t31 t32 t33 t34 t35 t36 t37 t41 t42 t43 t44 t45 t46

Case 075: 244/244 landmarks (100.0% coverage). Missing teeth: []
raw_dir=C:\MISC\Deepcare\Orthodontics\datasets\landmarks_dataset\raw\75
infer_dir=C:\MISC\Deepcare\Orthodontics\outputs\pointnetreg\final_output\infer_tmp\075
samples_root=C:\MISC\Deepcare\Orthodontics\datasets\landmarks_dataset\cooked\p0\samples
checkpoint_root=C:\MISC\Deepcare\Orthodontics\outputs\pointnetreg\final_pt
teeth=t11 t12 t13 t14 t15 t16 t17 t21 t22 t23 t24 t25 t26 t27 t31 t32 t33 t34 t35 t36 t37 t41 t42 t43 t44 t45 t46 t47

Case 076: 242/244 landmarks (99.2% coverage). Missing teeth: []
raw_dir=C:\MISC\Deepcare\Orthodontics\datasets\landmarks_dataset\raw\76
infer_dir=C:\MISC\Deepcare\Orthodontics\outputs\pointnetreg\final_output\infer_tmp\076
samples_root=C:\MISC\Deepcare\Orthodontics\datasets\landmarks_dataset\cooked\p0\samples
checkpoint_root=C:\MISC\Deepcare\Orthodontics\outputs\pointnetreg\final_pt
teeth=t11 t12 t13 t14 t15 t16 t17 t21 t22 t23 t24 t25 t26 t27 t31 t32 t33 t34 t35 t36 t37 t41 t42 t43 t44 t45 t46 t47

Case 077: 244/244 landmarks (100.0% coverage). Missing teeth: []
raw_dir=C:\MISC\Deepcare\Orthodontics\datasets\landmarks_dataset\raw\77
infer_dir=C:\MISC\Deepcare\Orthodontics\outputs\pointnetreg\final_output\infer_tmp\077
samples_root=C:\MISC\Deepcare\Orthodontics\datasets\landmarks_dataset\cooked\p0\samples
checkpoint_root=C:\MISC\Deepcare\Orthodontics\outputs\pointnetreg\final_pt
teeth=t11 t12 t13 t14 t15 t16 t17 t21 t22 t23 t24 t25 t26 t27 t31 t32 t33 t34 t35 t36 t37 t41 t42 t43 t44 t45 t46 t47

Case 078: 244/244 landmarks (100.0% coverage). Missing teeth: []
raw_dir=C:\MISC\Deepcare\Orthodontics\datasets\landmarks_dataset\raw\78
infer_dir=C:\MISC\Deepcare\Orthodontics\outputs\pointnetreg\final_output\infer_tmp\078
samples_root=C:\MISC\Deepcare\Orthodontics\datasets\landmarks_dataset\cooked\p0\samples
checkpoint_root=C:\MISC\Deepcare\Orthodontics\outputs\pointnetreg\final_pt
teeth=t11 t12 t13 t14 t15 t16 t17 t21 t22 t23 t24 t25 t26 t27 t31 t32 t33 t34 t35 t36 t37 t41 t42 t43 t44 t45 t46 t47

Case 079: 242/244 landmarks (99.2% coverage). Missing teeth: []
raw_dir=C:\MISC\Deepcare\Orthodontics\datasets\landmarks_dataset\raw\79
infer_dir=C:\MISC\Deepcare\Orthodontics\outputs\pointnetreg\final_output\infer_tmp\079
samples_root=C:\MISC\Deepcare\Orthodontics\datasets\landmarks_dataset\cooked\p0\samples
checkpoint_root=C:\MISC\Deepcare\Orthodontics\outputs\pointnetreg\final_pt
teeth=t11 t12 t13 t14 t15 t16 t17 t21 t22 t23 t24 t25 t26 t27 t31 t32 t33 t34 t35 t36 t37 t41 t42 t43 t44 t45 t46 t47

Case 080: 232/244 landmarks (95.1% coverage). Missing teeth: ['t37']
raw_dir=C:\MISC\Deepcare\Orthodontics\datasets\landmarks_dataset\raw\80
infer_dir=C:\MISC\Deepcare\Orthodontics\outputs\pointnetreg\final_output\infer_tmp\080
samples_root=C:\MISC\Deepcare\Orthodontics\datasets\landmarks_dataset\cooked\p0\samples
checkpoint_root=C:\MISC\Deepcare\Orthodontics\outputs\pointnetreg\final_pt
teeth=t11 t12 t13 t14 t15 t16 t17 t21 t22 t23 t24 t25 t26 t27 t31 t32 t33 t34 t35 t36 t41 t42 t43 t44 t45 t46 t47

Case 081: 236/244 landmarks (96.7% coverage). Missing teeth: []
raw_dir=C:\MISC\Deepcare\Orthodontics\datasets\landmarks_dataset\raw\81
infer_dir=C:\MISC\Deepcare\Orthodontics\outputs\pointnetreg\final_output\infer_tmp\081
samples_root=C:\MISC\Deepcare\Orthodontics\datasets\landmarks_dataset\cooked\p0\samples
checkpoint_root=C:\MISC\Deepcare\Orthodontics\outputs\pointnetreg\final_pt
teeth=t11 t12 t13 t14 t15 t16 t17 t21 t22 t23 t24 t25 t26 t27 t31 t32 t33 t34 t35 t36 t37 t41 t42 t43 t44 t45 t46 t47

Case 082: 244/244 landmarks (100.0% coverage). Missing teeth: []
raw_dir=C:\MISC\Deepcare\Orthodontics\datasets\landmarks_dataset\raw\82
infer_dir=C:\MISC\Deepcare\Orthodontics\outputs\pointnetreg\final_output\infer_tmp\082
samples_root=C:\MISC\Deepcare\Orthodontics\datasets\landmarks_dataset\cooked\p0\samples
checkpoint_root=C:\MISC\Deepcare\Orthodontics\outputs\pointnetreg\final_pt
teeth=t11 t12 t13 t14 t15 t16 t17 t21 t22 t23 t24 t25 t26 t27 t31 t32 t33 t34 t35 t36 t37 t41 t42 t43 t44 t45 t46 t47

Case 083: 244/244 landmarks (100.0% coverage). Missing teeth: []
raw_dir=C:\MISC\Deepcare\Orthodontics\datasets\landmarks_dataset\raw\83
infer_dir=C:\MISC\Deepcare\Orthodontics\outputs\pointnetreg\final_output\infer_tmp\083
samples_root=C:\MISC\Deepcare\Orthodontics\datasets\landmarks_dataset\cooked\p0\samples
checkpoint_root=C:\MISC\Deepcare\Orthodontics\outputs\pointnetreg\final_pt
teeth=t11 t12 t13 t14 t15 t16 t17 t21 t22 t23 t24 t25 t26 t27 t31 t32 t33 t34 t35 t36 t37 t41 t42 t43 t44 t45 t46 t47

Case 084: 244/244 landmarks (100.0% coverage). Missing teeth: []
raw_dir=C:\MISC\Deepcare\Orthodontics\datasets\landmarks_dataset\raw\84
infer_dir=C:\MISC\Deepcare\Orthodontics\outputs\pointnetreg\final_output\infer_tmp\084
samples_root=C:\MISC\Deepcare\Orthodontics\datasets\landmarks_dataset\cooked\p0\samples
checkpoint_root=C:\MISC\Deepcare\Orthodontics\outputs\pointnetreg\final_pt
teeth=t11 t12 t13 t14 t15 t16 t17 t21 t22 t23 t24 t25 t26 t27 t31 t32 t33 t34 t35 t36 t37 t41 t42 t43 t44 t45 t46 t47

Case 085: 244/244 landmarks (100.0% coverage). Missing teeth: []
raw_dir=C:\MISC\Deepcare\Orthodontics\datasets\landmarks_dataset\raw\85
infer_dir=C:\MISC\Deepcare\Orthodontics\outputs\pointnetreg\final_output\infer_tmp\085
samples_root=C:\MISC\Deepcare\Orthodontics\datasets\landmarks_dataset\cooked\p0\samples
checkpoint_root=C:\MISC\Deepcare\Orthodontics\outputs\pointnetreg\final_pt
teeth=t11 t12 t13 t14 t15 t16 t17 t21 t22 t23 t24 t25 t26 t27 t31 t32 t33 t34 t35 t36 t37 t41 t42 t43 t44 t45 t46 t47

Case 086: 244/244 landmarks (100.0% coverage). Missing teeth: []
raw_dir=C:\MISC\Deepcare\Orthodontics\datasets\landmarks_dataset\raw\86
infer_dir=C:\MISC\Deepcare\Orthodontics\outputs\pointnetreg\final_output\infer_tmp\086
samples_root=C:\MISC\Deepcare\Orthodontics\datasets\landmarks_dataset\cooked\p0\samples
checkpoint_root=C:\MISC\Deepcare\Orthodontics\outputs\pointnetreg\final_pt
teeth=t11 t12 t13 t14 t15 t16 t17 t21 t22 t23 t24 t25 t26 t27 t31 t32 t33 t34 t35 t36 t37 t41 t42 t43 t44 t45 t46 t47

Case 087: 244/244 landmarks (100.0% coverage). Missing teeth: []
raw_dir=C:\MISC\Deepcare\Orthodontics\datasets\landmarks_dataset\raw\87
infer_dir=C:\MISC\Deepcare\Orthodontics\outputs\pointnetreg\final_output\infer_tmp\087
samples_root=C:\MISC\Deepcare\Orthodontics\datasets\landmarks_dataset\cooked\p0\samples
checkpoint_root=C:\MISC\Deepcare\Orthodontics\outputs\pointnetreg\final_pt
teeth=t11 t12 t13 t14 t15 t16 t17 t21 t22 t23 t24 t25 t26 t27 t31 t32 t33 t34 t35 t36 t37 t41 t42 t43 t44 t45 t46 t47

Case 088: 244/244 landmarks (100.0% coverage). Missing teeth: []
raw_dir=C:\MISC\Deepcare\Orthodontics\datasets\landmarks_dataset\raw\88
infer_dir=C:\MISC\Deepcare\Orthodontics\outputs\pointnetreg\final_output\infer_tmp\088
samples_root=C:\MISC\Deepcare\Orthodontics\datasets\landmarks_dataset\cooked\p0\samples
checkpoint_root=C:\MISC\Deepcare\Orthodontics\outputs\pointnetreg\final_pt
teeth=t11 t12 t13 t14 t15 t16 t17 t21 t22 t23 t24 t25 t26 t27 t31 t32 t33 t34 t35 t36 t37 t41 t42 t43 t44 t45 t46 t47

Case 089: 244/244 landmarks (100.0% coverage). Missing teeth: []
raw_dir=C:\MISC\Deepcare\Orthodontics\datasets\landmarks_dataset\raw\89
infer_dir=C:\MISC\Deepcare\Orthodontics\outputs\pointnetreg\final_output\infer_tmp\089
samples_root=C:\MISC\Deepcare\Orthodontics\datasets\landmarks_dataset\cooked\p0\samples
checkpoint_root=C:\MISC\Deepcare\Orthodontics\outputs\pointnetreg\final_pt
teeth=t11 t12 t13 t14 t15 t16 t17 t21 t22 t23 t24 t25 t26 t27 t31 t32 t33 t34 t35 t36 t37 t41 t42 t43 t44 t45 t46 t47

Case 090: 244/244 landmarks (100.0% coverage). Missing teeth: []
raw_dir=C:\MISC\Deepcare\Orthodontics\datasets\landmarks_dataset\raw\90
infer_dir=C:\MISC\Deepcare\Orthodontics\outputs\pointnetreg\final_output\infer_tmp\090
samples_root=C:\MISC\Deepcare\Orthodontics\datasets\landmarks_dataset\cooked\p0\samples
checkpoint_root=C:\MISC\Deepcare\Orthodontics\outputs\pointnetreg\final_pt
teeth=t11 t12 t13 t14 t15 t16 t17 t21 t22 t23 t24 t25 t26 t27 t31 t32 t33 t34 t35 t36 t37 t41 t42 t43 t44 t45 t46 t47

Case 091: 237/244 landmarks (97.1% coverage). Missing teeth: ['t41']
raw_dir=C:\MISC\Deepcare\Orthodontics\datasets\landmarks_dataset\raw\91
infer_dir=C:\MISC\Deepcare\Orthodontics\outputs\pointnetreg\final_output\infer_tmp\091
samples_root=C:\MISC\Deepcare\Orthodontics\datasets\landmarks_dataset\cooked\p0\samples
checkpoint_root=C:\MISC\Deepcare\Orthodontics\outputs\pointnetreg\final_pt
teeth=t11 t12 t13 t14 t15 t16 t17 t21 t22 t23 t24 t25 t26 t27 t31 t32 t33 t34 t35 t36 t37 t42 t43 t44 t45 t46 t47

Case 092: 244/244 landmarks (100.0% coverage). Missing teeth: []
raw_dir=C:\MISC\Deepcare\Orthodontics\datasets\landmarks_dataset\raw\92
infer_dir=C:\MISC\Deepcare\Orthodontics\outputs\pointnetreg\final_output\infer_tmp\092
samples_root=C:\MISC\Deepcare\Orthodontics\datasets\landmarks_dataset\cooked\p0\samples
checkpoint_root=C:\MISC\Deepcare\Orthodontics\outputs\pointnetreg\final_pt
teeth=t11 t12 t13 t14 t15 t16 t17 t21 t22 t23 t24 t25 t26 t27 t31 t32 t33 t34 t35 t36 t37 t41 t42 t43 t44 t45 t46 t47

Case 093: 243/244 landmarks (99.6% coverage). Missing teeth: []
raw_dir=C:\MISC\Deepcare\Orthodontics\datasets\landmarks_dataset\raw\93
infer_dir=C:\MISC\Deepcare\Orthodontics\outputs\pointnetreg\final_output\infer_tmp\093
samples_root=C:\MISC\Deepcare\Orthodontics\datasets\landmarks_dataset\cooked\p0\samples
checkpoint_root=C:\MISC\Deepcare\Orthodontics\outputs\pointnetreg\final_pt
teeth=t11 t12 t13 t14 t15 t16 t17 t21 t22 t23 t24 t25 t26 t27 t31 t32 t33 t34 t35 t36 t37 t41 t42 t43 t44 t45 t46 t47

Case 094: 244/244 landmarks (100.0% coverage). Missing teeth: []
raw_dir=C:\MISC\Deepcare\Orthodontics\datasets\landmarks_dataset\raw\94
infer_dir=C:\MISC\Deepcare\Orthodontics\outputs\pointnetreg\final_output\infer_tmp\094
samples_root=C:\MISC\Deepcare\Orthodontics\datasets\landmarks_dataset\cooked\p0\samples
checkpoint_root=C:\MISC\Deepcare\Orthodontics\outputs\pointnetreg\final_pt
teeth=t11 t12 t13 t14 t15 t16 t17 t21 t22 t23 t24 t25 t26 t27 t31 t32 t33 t34 t35 t36 t37 t41 t42 t43 t44 t45 t46 t47

Case 095: 243/244 landmarks (99.6% coverage). Missing teeth: []
raw_dir=C:\MISC\Deepcare\Orthodontics\datasets\landmarks_dataset\raw\95
infer_dir=C:\MISC\Deepcare\Orthodontics\outputs\pointnetreg\final_output\infer_tmp\095
samples_root=C:\MISC\Deepcare\Orthodontics\datasets\landmarks_dataset\cooked\p0\samples
checkpoint_root=C:\MISC\Deepcare\Orthodontics\outputs\pointnetreg\final_pt
teeth=t11 t12 t13 t14 t15 t16 t17 t21 t22 t23 t24 t25 t26 t27 t31 t32 t33 t34 t35 t36 t37 t41 t42 t43 t44 t45 t46 t47

Case 096: 244/244 landmarks (100.0% coverage). Missing teeth: []
raw_dir=C:\MISC\Deepcare\Orthodontics\datasets\landmarks_dataset\raw\96
infer_dir=C:\MISC\Deepcare\Orthodontics\outputs\pointnetreg\final_output\infer_tmp\096
samples_root=C:\MISC\Deepcare\Orthodontics\datasets\landmarks_dataset\cooked\p0\samples
checkpoint_root=C:\MISC\Deepcare\Orthodontics\outputs\pointnetreg\final_pt
teeth=t11 t12 t13 t14 t15 t16 t17 t21 t22 t23 t24 t25 t26 t27 t31 t32 t33 t34 t35 t36 t37 t41 t42 t43 t44 t45 t46 t47

Case 097: 244/244 landmarks (100.0% coverage). Missing teeth: []
raw_dir=C:\MISC\Deepcare\Orthodontics\datasets\landmarks_dataset\raw\97
infer_dir=C:\MISC\Deepcare\Orthodontics\outputs\pointnetreg\final_output\infer_tmp\097
samples_root=C:\MISC\Deepcare\Orthodontics\datasets\landmarks_dataset\cooked\p0\samples
checkpoint_root=C:\MISC\Deepcare\Orthodontics\outputs\pointnetreg\final_pt
teeth=t11 t12 t13 t14 t15 t16 t17 t21 t22 t23 t24 t25 t26 t27 t31 t32 t33 t34 t35 t36 t37 t41 t42 t43 t44 t45 t46 t47

Case 098: 244/244 landmarks (100.0% coverage). Missing teeth: []
raw_dir=C:\MISC\Deepcare\Orthodontics\datasets\landmarks_dataset\raw\98
infer_dir=C:\MISC\Deepcare\Orthodontics\outputs\pointnetreg\final_output\infer_tmp\098
samples_root=C:\MISC\Deepcare\Orthodontics\datasets\landmarks_dataset\cooked\p0\samples
checkpoint_root=C:\MISC\Deepcare\Orthodontics\outputs\pointnetreg\final_pt
teeth=t11 t12 t13 t14 t15 t16 t17 t21 t22 t23 t24 t25 t26 t27 t31 t32 t33 t34 t35 t36 t37 t41 t42 t43 t44 t45 t46 t47

Case 099: 244/244 landmarks (100.0% coverage). Missing teeth: []
raw_dir=C:\MISC\Deepcare\Orthodontics\datasets\landmarks_dataset\raw\99
infer_dir=C:\MISC\Deepcare\Orthodontics\outputs\pointnetreg\final_output\infer_tmp\099
samples_root=C:\MISC\Deepcare\Orthodontics\datasets\landmarks_dataset\cooked\p0\samples
checkpoint_root=C:\MISC\Deepcare\Orthodontics\outputs\pointnetreg\final_pt
teeth=t11 t12 t13 t14 t15 t16 t17 t21 t22 t23 t24 t25 t26 t27 t31 t32 t33 t34 t35 t36 t37 t41 t42 t43 t44 t45 t46 t47

Case 100: 244/244 landmarks (100.0% coverage). Missing teeth: []
raw_dir=C:\MISC\Deepcare\Orthodontics\datasets\landmarks_dataset\raw\100
infer_dir=C:\MISC\Deepcare\Orthodontics\outputs\pointnetreg\final_output\infer_tmp\100
samples_root=C:\MISC\Deepcare\Orthodontics\datasets\landmarks_dataset\cooked\p0\samples
checkpoint_root=C:\MISC\Deepcare\Orthodontics\outputs\pointnetreg\final_pt
teeth=t11 t12 t13 t14 t15 t16 t17 t21 t22 t23 t24 t25 t26 t27 t31 t32 t33 t34 t35 t36 t37 t41 t42 t43 t44 t45 t46 t47

Case 101: 244/244 landmarks (100.0% coverage). Missing teeth: []
raw_dir=C:\MISC\Deepcare\Orthodontics\datasets\landmarks_dataset\raw\101
infer_dir=C:\MISC\Deepcare\Orthodontics\outputs\pointnetreg\final_output\infer_tmp\101
samples_root=C:\MISC\Deepcare\Orthodontics\datasets\landmarks_dataset\cooked\p0\samples
checkpoint_root=C:\MISC\Deepcare\Orthodontics\outputs\pointnetreg\final_pt
teeth=t11 t12 t13 t14 t15 t16 t17 t21 t22 t23 t24 t25 t26 t27 t31 t32 t33 t34 t35 t36 t37 t41 t42 t43 t44 t45 t46 t47

Case 102: 244/244 landmarks (100.0% coverage). Missing teeth: []
raw_dir=C:\MISC\Deepcare\Orthodontics\datasets\landmarks_dataset\raw\102
infer_dir=C:\MISC\Deepcare\Orthodontics\outputs\pointnetreg\final_output\infer_tmp\102
samples_root=C:\MISC\Deepcare\Orthodontics\datasets\landmarks_dataset\cooked\p0\samples
checkpoint_root=C:\MISC\Deepcare\Orthodontics\outputs\pointnetreg\final_pt
teeth=t11 t12 t13 t14 t15 t16 t17 t21 t22 t23 t24 t25 t26 t27 t31 t32 t33 t34 t35 t36 t37 t41 t42 t43 t44 t45 t46 t47

Case 103: 244/244 landmarks (100.0% coverage). Missing teeth: []
raw_dir=C:\MISC\Deepcare\Orthodontics\datasets\landmarks_dataset\raw\103
infer_dir=C:\MISC\Deepcare\Orthodontics\outputs\pointnetreg\final_output\infer_tmp\103
samples_root=C:\MISC\Deepcare\Orthodontics\datasets\landmarks_dataset\cooked\p0\samples
checkpoint_root=C:\MISC\Deepcare\Orthodontics\outputs\pointnetreg\final_pt
teeth=t11 t12 t13 t14 t15 t16 t17 t21 t22 t23 t24 t25 t26 t27 t31 t32 t33 t34 t35 t36 t37 t41 t42 t43 t44 t45 t46 t47

Case 104: 244/244 landmarks (100.0% coverage). Missing teeth: []
raw_dir=C:\MISC\Deepcare\Orthodontics\datasets\landmarks_dataset\raw\104
infer_dir=C:\MISC\Deepcare\Orthodontics\outputs\pointnetreg\final_output\infer_tmp\104
samples_root=C:\MISC\Deepcare\Orthodontics\datasets\landmarks_dataset\cooked\p0\samples
checkpoint_root=C:\MISC\Deepcare\Orthodontics\outputs\pointnetreg\final_pt
teeth=t11 t12 t13 t14 t15 t16 t17 t21 t22 t23 t24 t25 t26 t27 t31 t32 t33 t34 t35 t36 t37 t41 t42 t43 t44 t45 t46 t47

Case 105: 244/244 landmarks (100.0% coverage). Missing teeth: []
raw_dir=C:\MISC\Deepcare\Orthodontics\datasets\landmarks_dataset\raw\105
infer_dir=C:\MISC\Deepcare\Orthodontics\outputs\pointnetreg\final_output\infer_tmp\105
samples_root=C:\MISC\Deepcare\Orthodontics\datasets\landmarks_dataset\cooked\p0\samples
checkpoint_root=C:\MISC\Deepcare\Orthodontics\outputs\pointnetreg\final_pt
teeth=t11 t12 t13 t14 t15 t16 t17 t21 t22 t23 t24 t25 t26 t27 t31 t32 t33 t34 t35 t36 t37 t41 t42 t43 t44 t45 t46 t47

Case 106: 244/244 landmarks (100.0% coverage). Missing teeth: []
raw_dir=C:\MISC\Deepcare\Orthodontics\datasets\landmarks_dataset\raw\106
infer_dir=C:\MISC\Deepcare\Orthodontics\outputs\pointnetreg\final_output\infer_tmp\106
samples_root=C:\MISC\Deepcare\Orthodontics\datasets\landmarks_dataset\cooked\p0\samples
checkpoint_root=C:\MISC\Deepcare\Orthodontics\outputs\pointnetreg\final_pt
teeth=t11 t12 t13 t14 t15 t16 t17 t21 t22 t23 t24 t25 t26 t27 t31 t32 t33 t34 t35 t36 t37 t41 t42 t43 t44 t45 t46 t47

Case 107: 244/244 landmarks (100.0% coverage). Missing teeth: []
raw_dir=C:\MISC\Deepcare\Orthodontics\datasets\landmarks_dataset\raw\107
infer_dir=C:\MISC\Deepcare\Orthodontics\outputs\pointnetreg\final_output\infer_tmp\107
samples_root=C:\MISC\Deepcare\Orthodontics\datasets\landmarks_dataset\cooked\p0\samples
checkpoint_root=C:\MISC\Deepcare\Orthodontics\outputs\pointnetreg\final_pt
teeth=t11 t12 t13 t14 t15 t16 t17 t21 t22 t23 t24 t25 t26 t27 t31 t32 t33 t34 t35 t36 t37 t41 t42 t43 t44 t45 t46 t47

Case 108: 244/244 landmarks (100.0% coverage). Missing teeth: []
raw_dir=C:\MISC\Deepcare\Orthodontics\datasets\landmarks_dataset\raw\108
infer_dir=C:\MISC\Deepcare\Orthodontics\outputs\pointnetreg\final_output\infer_tmp\108
samples_root=C:\MISC\Deepcare\Orthodontics\datasets\landmarks_dataset\cooked\p0\samples
checkpoint_root=C:\MISC\Deepcare\Orthodontics\outputs\pointnetreg\final_pt
teeth=t11 t12 t13 t14 t15 t16 t17 t21 t22 t23 t24 t25 t26 t27 t31 t32 t33 t34 t35 t36 t37 t41 t42 t43 t44 t45 t46 t47

Case 109: 244/244 landmarks (100.0% coverage). Missing teeth: []
raw_dir=C:\MISC\Deepcare\Orthodontics\datasets\landmarks_dataset\raw\109
infer_dir=C:\MISC\Deepcare\Orthodontics\outputs\pointnetreg\final_output\infer_tmp\109
samples_root=C:\MISC\Deepcare\Orthodontics\datasets\landmarks_dataset\cooked\p0\samples
checkpoint_root=C:\MISC\Deepcare\Orthodontics\outputs\pointnetreg\final_pt
teeth=t11 t12 t13 t14 t15 t16 t17 t21 t22 t23 t24 t25 t26 t27 t31 t32 t33 t34 t35 t36 t37 t41 t42 t43 t44 t45 t46 t47

Case 110: 244/244 landmarks (100.0% coverage). Missing teeth: []
raw_dir=C:\MISC\Deepcare\Orthodontics\datasets\landmarks_dataset\raw\110
infer_dir=C:\MISC\Deepcare\Orthodontics\outputs\pointnetreg\final_output\infer_tmp\110
samples_root=C:\MISC\Deepcare\Orthodontics\datasets\landmarks_dataset\cooked\p0\samples
checkpoint_root=C:\MISC\Deepcare\Orthodontics\outputs\pointnetreg\final_pt
teeth=t11 t12 t13 t14 t15 t16 t17 t21 t22 t23 t24 t25 t26 t27 t31 t32 t33 t34 t35 t36 t37 t41 t42 t43 t44 t45 t46 t47

Case 111: 244/244 landmarks (100.0% coverage). Missing teeth: []
raw_dir=C:\MISC\Deepcare\Orthodontics\datasets\landmarks_dataset\raw\111
infer_dir=C:\MISC\Deepcare\Orthodontics\outputs\pointnetreg\final_output\infer_tmp\111
samples_root=C:\MISC\Deepcare\Orthodontics\datasets\landmarks_dataset\cooked\p0\samples
checkpoint_root=C:\MISC\Deepcare\Orthodontics\outputs\pointnetreg\final_pt
teeth=t11 t12 t13 t14 t15 t16 t17 t21 t22 t23 t24 t25 t26 t27 t31 t32 t33 t34 t35 t36 t37 t41 t42 t43 t44 t45 t46 t47

Case 112: 230/244 landmarks (94.3% coverage). Missing teeth: ['t32', 't42']
raw_dir=C:\MISC\Deepcare\Orthodontics\datasets\landmarks_dataset\raw\112
infer_dir=C:\MISC\Deepcare\Orthodontics\outputs\pointnetreg\final_output\infer_tmp\112
samples_root=C:\MISC\Deepcare\Orthodontics\datasets\landmarks_dataset\cooked\p0\samples
checkpoint_root=C:\MISC\Deepcare\Orthodontics\outputs\pointnetreg\final_pt
teeth=t11 t12 t13 t14 t15 t16 t17 t21 t22 t23 t24 t25 t26 t27 t31 t33 t34 t35 t36 t37 t41 t43 t44 t45 t46 t47

Case 113: 225/244 landmarks (92.2% coverage). Missing teeth: ['t27']
raw_dir=C:\MISC\Deepcare\Orthodontics\datasets\landmarks_dataset\raw\113
infer_dir=C:\MISC\Deepcare\Orthodontics\outputs\pointnetreg\final_output\infer_tmp\113
samples_root=C:\MISC\Deepcare\Orthodontics\datasets\landmarks_dataset\cooked\p0\samples
checkpoint_root=C:\MISC\Deepcare\Orthodontics\outputs\pointnetreg\final_pt
teeth=t11 t12 t13 t14 t15 t16 t17 t21 t22 t23 t24 t25 t26 t31 t32 t33 t34 t35 t36 t37 t41 t42 t43 t44 t45 t46 t47

Case 114: 244/244 landmarks (100.0% coverage). Missing teeth: []
raw_dir=C:\MISC\Deepcare\Orthodontics\datasets\landmarks_dataset\raw\114
infer_dir=C:\MISC\Deepcare\Orthodontics\outputs\pointnetreg\final_output\infer_tmp\114
samples_root=C:\MISC\Deepcare\Orthodontics\datasets\landmarks_dataset\cooked\p0\samples
checkpoint_root=C:\MISC\Deepcare\Orthodontics\outputs\pointnetreg\final_pt
teeth=t11 t12 t13 t14 t15 t16 t17 t21 t22 t23 t24 t25 t26 t27 t31 t32 t33 t34 t35 t36 t37 t41 t42 t43 t44 t45 t46 t47

Case 115: 244/244 landmarks (100.0% coverage). Missing teeth: []
raw_dir=C:\MISC\Deepcare\Orthodontics\datasets\landmarks_dataset\raw\115
infer_dir=C:\MISC\Deepcare\Orthodontics\outputs\pointnetreg\final_output\infer_tmp\115
samples_root=C:\MISC\Deepcare\Orthodontics\datasets\landmarks_dataset\cooked\p0\samples
checkpoint_root=C:\MISC\Deepcare\Orthodontics\outputs\pointnetreg\final_pt
teeth=t11 t12 t13 t14 t15 t16 t17 t21 t22 t23 t24 t25 t26 t27 t31 t32 t33 t34 t35 t36 t37 t41 t42 t43 t44 t45 t46 t47

Case 116: 244/244 landmarks (100.0% coverage). Missing teeth: []
raw_dir=C:\MISC\Deepcare\Orthodontics\datasets\landmarks_dataset\raw\116
infer_dir=C:\MISC\Deepcare\Orthodontics\outputs\pointnetreg\final_output\infer_tmp\116
samples_root=C:\MISC\Deepcare\Orthodontics\datasets\landmarks_dataset\cooked\p0\samples
checkpoint_root=C:\MISC\Deepcare\Orthodontics\outputs\pointnetreg\final_pt
teeth=t11 t12 t13 t14 t15 t16 t17 t21 t22 t23 t24 t25 t26 t27 t31 t32 t33 t34 t35 t36 t37 t41 t42 t43 t44 t45 t46 t47

Case 117: 244/244 landmarks (100.0% coverage). Missing teeth: []
raw_dir=C:\MISC\Deepcare\Orthodontics\datasets\landmarks_dataset\raw\117
infer_dir=C:\MISC\Deepcare\Orthodontics\outputs\pointnetreg\final_output\infer_tmp\117
samples_root=C:\MISC\Deepcare\Orthodontics\datasets\landmarks_dataset\cooked\p0\samples
checkpoint_root=C:\MISC\Deepcare\Orthodontics\outputs\pointnetreg\final_pt
teeth=t11 t12 t13 t14 t15 t16 t17 t21 t22 t23 t24 t25 t26 t27 t31 t32 t33 t34 t35 t36 t37 t41 t42 t43 t44 t45 t46 t47

Case 118: 244/244 landmarks (100.0% coverage). Missing teeth: []
raw_dir=C:\MISC\Deepcare\Orthodontics\datasets\landmarks_dataset\raw\118
infer_dir=C:\MISC\Deepcare\Orthodontics\outputs\pointnetreg\final_output\infer_tmp\118
samples_root=C:\MISC\Deepcare\Orthodontics\datasets\landmarks_dataset\cooked\p0\samples
checkpoint_root=C:\MISC\Deepcare\Orthodontics\outputs\pointnetreg\final_pt
teeth=t11 t12 t13 t14 t15 t16 t17 t21 t22 t23 t24 t25 t26 t27 t31 t32 t33 t34 t35 t36 t37 t41 t42 t43 t44 t45 t46 t47

Case 119: 244/244 landmarks (100.0% coverage). Missing teeth: []
raw_dir=C:\MISC\Deepcare\Orthodontics\datasets\landmarks_dataset\raw\119
infer_dir=C:\MISC\Deepcare\Orthodontics\outputs\pointnetreg\final_output\infer_tmp\119
samples_root=C:\MISC\Deepcare\Orthodontics\datasets\landmarks_dataset\cooked\p0\samples
checkpoint_root=C:\MISC\Deepcare\Orthodontics\outputs\pointnetreg\final_pt
teeth=t11 t12 t13 t14 t15 t16 t17 t21 t22 t23 t24 t25 t26 t27 t31 t32 t33 t34 t35 t36 t37 t41 t42 t43 t44 t45 t46 t47

Case 120: 244/244 landmarks (100.0% coverage). Missing teeth: []
raw_dir=C:\MISC\Deepcare\Orthodontics\datasets\landmarks_dataset\raw\120
infer_dir=C:\MISC\Deepcare\Orthodontics\outputs\pointnetreg\final_output\infer_tmp\120
samples_root=C:\MISC\Deepcare\Orthodontics\datasets\landmarks_dataset\cooked\p0\samples
checkpoint_root=C:\MISC\Deepcare\Orthodontics\outputs\pointnetreg\final_pt
teeth=t11 t12 t13 t14 t15 t16 t17 t21 t22 t23 t24 t25 t26 t27 t31 t32 t33 t34 t35 t36 t37 t41 t42 t43 t44 t45 t46 t47

Case 121: 104/244 landmarks (42.6% coverage). Missing teeth: ['t14', 't15', 't31', 't32', 't33', 't34', 't35', 't36', 't37', 't41', 't42', 't43', 't44', 't45', 't46', 't47']
raw_dir=C:\MISC\Deepcare\Orthodontics\datasets\landmarks_dataset\raw\121
infer_dir=C:\MISC\Deepcare\Orthodontics\outputs\pointnetreg\final_output\infer_tmp\121
samples_root=C:\MISC\Deepcare\Orthodontics\datasets\landmarks_dataset\cooked\p0\samples
checkpoint_root=C:\MISC\Deepcare\Orthodontics\outputs\pointnetreg\final_pt
teeth=t11 t12 t13 t16 t17 t21 t22 t23 t24 t25 t26 t27

Case 122: 244/244 landmarks (100.0% coverage). Missing teeth: []
raw_dir=C:\MISC\Deepcare\Orthodontics\datasets\landmarks_dataset\raw\122
infer_dir=C:\MISC\Deepcare\Orthodontics\outputs\pointnetreg\final_output\infer_tmp\122
samples_root=C:\MISC\Deepcare\Orthodontics\datasets\landmarks_dataset\cooked\p0\samples
checkpoint_root=C:\MISC\Deepcare\Orthodontics\outputs\pointnetreg\final_pt
teeth=t11 t12 t13 t14 t15 t16 t17 t21 t22 t23 t24 t25 t26 t27 t31 t32 t33 t34 t35 t36 t37 t41 t42 t43 t44 t45 t46 t47

Case 123: 244/244 landmarks (100.0% coverage). Missing teeth: []
raw_dir=C:\MISC\Deepcare\Orthodontics\datasets\landmarks_dataset\raw\123
infer_dir=C:\MISC\Deepcare\Orthodontics\outputs\pointnetreg\final_output\infer_tmp\123
samples_root=C:\MISC\Deepcare\Orthodontics\datasets\landmarks_dataset\cooked\p0\samples
checkpoint_root=C:\MISC\Deepcare\Orthodontics\outputs\pointnetreg\final_pt
teeth=t11 t12 t13 t14 t15 t16 t17 t21 t22 t23 t24 t25 t26 t27 t31 t32 t33 t34 t35 t36 t37 t41 t42 t43 t44 t45 t46 t47

Case 124: 244/244 landmarks (100.0% coverage). Missing teeth: []
raw_dir=C:\MISC\Deepcare\Orthodontics\datasets\landmarks_dataset\raw\124
infer_dir=C:\MISC\Deepcare\Orthodontics\outputs\pointnetreg\final_output\infer_tmp\124
samples_root=C:\MISC\Deepcare\Orthodontics\datasets\landmarks_dataset\cooked\p0\samples
checkpoint_root=C:\MISC\Deepcare\Orthodontics\outputs\pointnetreg\final_pt
teeth=t11 t12 t13 t14 t15 t16 t17 t21 t22 t23 t24 t25 t26 t27 t31 t32 t33 t34 t35 t36 t37 t41 t42 t43 t44 t45 t46 t47

Case 125: 244/244 landmarks (100.0% coverage). Missing teeth: []
raw_dir=C:\MISC\Deepcare\Orthodontics\datasets\landmarks_dataset\raw\125
infer_dir=C:\MISC\Deepcare\Orthodontics\outputs\pointnetreg\final_output\infer_tmp\125
samples_root=C:\MISC\Deepcare\Orthodontics\datasets\landmarks_dataset\cooked\p0\samples
checkpoint_root=C:\MISC\Deepcare\Orthodontics\outputs\pointnetreg\final_pt
teeth=t11 t12 t13 t14 t15 t16 t17 t21 t22 t23 t24 t25 t26 t27 t31 t32 t33 t34 t35 t36 t37 t41 t42 t43 t44 t45 t46 t47

Case 126: 244/244 landmarks (100.0% coverage). Missing teeth: []
raw_dir=C:\MISC\Deepcare\Orthodontics\datasets\landmarks_dataset\raw\126
infer_dir=C:\MISC\Deepcare\Orthodontics\outputs\pointnetreg\final_output\infer_tmp\126
samples_root=C:\MISC\Deepcare\Orthodontics\datasets\landmarks_dataset\cooked\p0\samples
checkpoint_root=C:\MISC\Deepcare\Orthodontics\outputs\pointnetreg\final_pt
teeth=t11 t12 t13 t14 t15 t16 t17 t21 t22 t23 t24 t25 t26 t27 t31 t32 t33 t34 t35 t36 t37 t41 t42 t43 t44 t45 t46 t47

Case 127: 244/244 landmarks (100.0% coverage). Missing teeth: []
raw_dir=C:\MISC\Deepcare\Orthodontics\datasets\landmarks_dataset\raw\127
infer_dir=C:\MISC\Deepcare\Orthodontics\outputs\pointnetreg\final_output\infer_tmp\127
samples_root=C:\MISC\Deepcare\Orthodontics\datasets\landmarks_dataset\cooked\p0\samples
checkpoint_root=C:\MISC\Deepcare\Orthodontics\outputs\pointnetreg\final_pt
teeth=t11 t12 t13 t14 t15 t16 t17 t21 t22 t23 t24 t25 t26 t27 t31 t32 t33 t34 t35 t36 t37 t41 t42 t43 t44 t45 t46 t47

Case 128: 217/244 landmarks (88.9% coverage). Missing teeth: ['t14', 't15', 't35']
raw_dir=C:\MISC\Deepcare\Orthodontics\datasets\landmarks_dataset\raw\128
infer_dir=C:\MISC\Deepcare\Orthodontics\outputs\pointnetreg\final_output\infer_tmp\128
samples_root=C:\MISC\Deepcare\Orthodontics\datasets\landmarks_dataset\cooked\p0\samples
checkpoint_root=C:\MISC\Deepcare\Orthodontics\outputs\pointnetreg\final_pt
teeth=t11 t12 t13 t16 t17 t21 t22 t23 t24 t25 t26 t27 t31 t32 t33 t34 t36 t37 t41 t42 t43 t44 t45 t46 t47

Case 129: 230/244 landmarks (94.3% coverage). Missing teeth: ['t32', 't42']
raw_dir=C:\MISC\Deepcare\Orthodontics\datasets\landmarks_dataset\raw\129
infer_dir=C:\MISC\Deepcare\Orthodontics\outputs\pointnetreg\final_output\infer_tmp\129
samples_root=C:\MISC\Deepcare\Orthodontics\datasets\landmarks_dataset\cooked\p0\samples
checkpoint_root=C:\MISC\Deepcare\Orthodontics\outputs\pointnetreg\final_pt
teeth=t11 t12 t13 t14 t15 t16 t17 t21 t22 t23 t24 t25 t26 t27 t31 t33 t34 t35 t36 t37 t41 t43 t44 t45 t46 t47

Case 130: 244/244 landmarks (100.0% coverage). Missing teeth: []
raw_dir=C:\MISC\Deepcare\Orthodontics\datasets\landmarks_dataset\raw\130
infer_dir=C:\MISC\Deepcare\Orthodontics\outputs\pointnetreg\final_output\infer_tmp\130
samples_root=C:\MISC\Deepcare\Orthodontics\datasets\landmarks_dataset\cooked\p0\samples
checkpoint_root=C:\MISC\Deepcare\Orthodontics\outputs\pointnetreg\final_pt
teeth=t11 t12 t13 t14 t15 t16 t17 t21 t22 t23 t24 t25 t26 t27 t31 t32 t33 t34 t35 t36 t37 t41 t42 t43 t44 t45 t46 t47

Case 131: 244/244 landmarks (100.0% coverage). Missing teeth: []
raw_dir=C:\MISC\Deepcare\Orthodontics\datasets\landmarks_dataset\raw\131
infer_dir=C:\MISC\Deepcare\Orthodontics\outputs\pointnetreg\final_output\infer_tmp\131
samples_root=C:\MISC\Deepcare\Orthodontics\datasets\landmarks_dataset\cooked\p0\samples
checkpoint_root=C:\MISC\Deepcare\Orthodontics\outputs\pointnetreg\final_pt
teeth=t11 t12 t13 t14 t15 t16 t17 t21 t22 t23 t24 t25 t26 t27 t31 t32 t33 t34 t35 t36 t37 t41 t42 t43 t44 t45 t46 t47

Case 132: 122/244 landmarks (50.0% coverage). Missing teeth: ['t31', 't32', 't33', 't34', 't35', 't36', 't37', 't41', 't42', 't43', 't44', 't45', 't46', 't47']
raw_dir=C:\MISC\Deepcare\Orthodontics\datasets\landmarks_dataset\raw\132
infer_dir=C:\MISC\Deepcare\Orthodontics\outputs\pointnetreg\final_output\infer_tmp\132
samples_root=C:\MISC\Deepcare\Orthodontics\datasets\landmarks_dataset\cooked\p0\samples
checkpoint_root=C:\MISC\Deepcare\Orthodontics\outputs\pointnetreg\final_pt
teeth=t11 t12 t13 t14 t15 t16 t17 t21 t22 t23 t24 t25 t26 t27

Case 133: 118/244 landmarks (48.4% coverage). Missing teeth: ['t31', 't32', 't33', 't34', 't35', 't36', 't37', 't41', 't42', 't43', 't44', 't45', 't46', 't47']
raw_dir=C:\MISC\Deepcare\Orthodontics\datasets\landmarks_dataset\raw\133
infer_dir=C:\MISC\Deepcare\Orthodontics\outputs\pointnetreg\final_output\infer_tmp\133
samples_root=C:\MISC\Deepcare\Orthodontics\datasets\landmarks_dataset\cooked\p0\samples
checkpoint_root=C:\MISC\Deepcare\Orthodontics\outputs\pointnetreg\final_pt
teeth=t11 t12 t13 t14 t15 t16 t17 t21 t22 t23 t24 t25 t26 t27

Case 134: 244/244 landmarks (100.0% coverage). Missing teeth: []
raw_dir=C:\MISC\Deepcare\Orthodontics\datasets\landmarks_dataset\raw\134
infer_dir=C:\MISC\Deepcare\Orthodontics\outputs\pointnetreg\final_output\infer_tmp\134
samples_root=C:\MISC\Deepcare\Orthodontics\datasets\landmarks_dataset\cooked\p0\samples
checkpoint_root=C:\MISC\Deepcare\Orthodontics\outputs\pointnetreg\final_pt
teeth=t11 t12 t13 t14 t15 t16 t17 t21 t22 t23 t24 t25 t26 t27 t31 t32 t33 t34 t35 t36 t37 t41 t42 t43 t44 t45 t46 t47

Case 135: 234/244 landmarks (95.9% coverage). Missing teeth: []
raw_dir=C:\MISC\Deepcare\Orthodontics\datasets\landmarks_dataset\raw\135
infer_dir=C:\MISC\Deepcare\Orthodontics\outputs\pointnetreg\final_output\infer_tmp\135
samples_root=C:\MISC\Deepcare\Orthodontics\datasets\landmarks_dataset\cooked\p0\samples
checkpoint_root=C:\MISC\Deepcare\Orthodontics\outputs\pointnetreg\final_pt
teeth=t11 t12 t13 t14 t15 t16 t17 t21 t22 t23 t24 t25 t26 t27 t31 t32 t33 t34 t35 t36 t37 t41 t42 t43 t44 t45 t46 t47

Case 136: 244/244 landmarks (100.0% coverage). Missing teeth: []
raw_dir=C:\MISC\Deepcare\Orthodontics\datasets\landmarks_dataset\raw\136
infer_dir=C:\MISC\Deepcare\Orthodontics\outputs\pointnetreg\final_output\infer_tmp\136
samples_root=C:\MISC\Deepcare\Orthodontics\datasets\landmarks_dataset\cooked\p0\samples
checkpoint_root=C:\MISC\Deepcare\Orthodontics\outputs\pointnetreg\final_pt
teeth=t11 t12 t13 t14 t15 t16 t17 t21 t22 t23 t24 t25 t26 t27 t31 t32 t33 t34 t35 t36 t37 t41 t42 t43 t44 t45 t46 t47

Case 137: 244/244 landmarks (100.0% coverage). Missing teeth: []
raw_dir=C:\MISC\Deepcare\Orthodontics\datasets\landmarks_dataset\raw\137
infer_dir=C:\MISC\Deepcare\Orthodontics\outputs\pointnetreg\final_output\infer_tmp\137
samples_root=C:\MISC\Deepcare\Orthodontics\datasets\landmarks_dataset\cooked\p0\samples
checkpoint_root=C:\MISC\Deepcare\Orthodontics\outputs\pointnetreg\final_pt
teeth=t11 t12 t13 t14 t15 t16 t17 t21 t22 t23 t24 t25 t26 t27 t31 t32 t33 t34 t35 t36 t37 t41 t42 t43 t44 t45 t46 t47

Case 138: 239/244 landmarks (98.0% coverage). Missing teeth: []
raw_dir=C:\MISC\Deepcare\Orthodontics\datasets\landmarks_dataset\raw\138
infer_dir=C:\MISC\Deepcare\Orthodontics\outputs\pointnetreg\final_output\infer_tmp\138
samples_root=C:\MISC\Deepcare\Orthodontics\datasets\landmarks_dataset\cooked\p0\samples
checkpoint_root=C:\MISC\Deepcare\Orthodontics\outputs\pointnetreg\final_pt
teeth=t11 t12 t13 t14 t15 t16 t17 t21 t22 t23 t24 t25 t26 t27 t31 t32 t33 t34 t35 t36 t37 t41 t42 t43 t44 t45 t46 t47

Case 139: 213/244 landmarks (87.3% coverage). Missing teeth: ['t17', 't37']
raw_dir=C:\MISC\Deepcare\Orthodontics\datasets\landmarks_dataset\raw\139
infer_dir=C:\MISC\Deepcare\Orthodontics\outputs\pointnetreg\final_output\infer_tmp\139
samples_root=C:\MISC\Deepcare\Orthodontics\datasets\landmarks_dataset\cooked\p0\samples
checkpoint_root=C:\MISC\Deepcare\Orthodontics\outputs\pointnetreg\final_pt
teeth=t11 t12 t13 t14 t15 t16 t21 t22 t23 t24 t25 t26 t27 t31 t32 t33 t34 t35 t36 t41 t42 t43 t44 t45 t46 t47

Case 140: 244/244 landmarks (100.0% coverage). Missing teeth: []
raw_dir=C:\MISC\Deepcare\Orthodontics\datasets\landmarks_dataset\raw\140
infer_dir=C:\MISC\Deepcare\Orthodontics\outputs\pointnetreg\final_output\infer_tmp\140
samples_root=C:\MISC\Deepcare\Orthodontics\datasets\landmarks_dataset\cooked\p0\samples
checkpoint_root=C:\MISC\Deepcare\Orthodontics\outputs\pointnetreg\final_pt
teeth=t11 t12 t13 t14 t15 t16 t17 t21 t22 t23 t24 t25 t26 t27 t31 t32 t33 t34 t35 t36 t37 t41 t42 t43 t44 t45 t46 t47

Case 141: 236/244 landmarks (96.7% coverage). Missing teeth: []
raw_dir=C:\MISC\Deepcare\Orthodontics\datasets\landmarks_dataset\raw\141
infer_dir=C:\MISC\Deepcare\Orthodontics\outputs\pointnetreg\final_output\infer_tmp\141
samples_root=C:\MISC\Deepcare\Orthodontics\datasets\landmarks_dataset\cooked\p0\samples
checkpoint_root=C:\MISC\Deepcare\Orthodontics\outputs\pointnetreg\final_pt
teeth=t11 t12 t13 t14 t15 t16 t17 t21 t22 t23 t24 t25 t26 t27 t31 t32 t33 t34 t35 t36 t37 t41 t42 t43 t44 t45 t46 t47

Case 142: 240/244 landmarks (98.4% coverage). Missing teeth: []
raw_dir=C:\MISC\Deepcare\Orthodontics\datasets\landmarks_dataset\raw\142
infer_dir=C:\MISC\Deepcare\Orthodontics\outputs\pointnetreg\final_output\infer_tmp\142
samples_root=C:\MISC\Deepcare\Orthodontics\datasets\landmarks_dataset\cooked\p0\samples
checkpoint_root=C:\MISC\Deepcare\Orthodontics\outputs\pointnetreg\final_pt
teeth=t11 t12 t13 t14 t15 t16 t17 t21 t22 t23 t24 t25 t26 t27 t31 t32 t33 t34 t35 t36 t37 t41 t42 t43 t44 t45 t46 t47

Case 143: 244/244 landmarks (100.0% coverage). Missing teeth: []
raw_dir=C:\MISC\Deepcare\Orthodontics\datasets\landmarks_dataset\raw\143
infer_dir=C:\MISC\Deepcare\Orthodontics\outputs\pointnetreg\final_output\infer_tmp\143
samples_root=C:\MISC\Deepcare\Orthodontics\datasets\landmarks_dataset\cooked\p0\samples
checkpoint_root=C:\MISC\Deepcare\Orthodontics\outputs\pointnetreg\final_pt
teeth=t11 t12 t13 t14 t15 t16 t17 t21 t22 t23 t24 t25 t26 t27 t31 t32 t33 t34 t35 t36 t37 t41 t42 t43 t44 t45 t46 t47

Case 144: 232/244 landmarks (95.1% coverage). Missing teeth: ['t46']
raw_dir=C:\MISC\Deepcare\Orthodontics\datasets\landmarks_dataset\raw\144
infer_dir=C:\MISC\Deepcare\Orthodontics\outputs\pointnetreg\final_output\infer_tmp\144
samples_root=C:\MISC\Deepcare\Orthodontics\datasets\landmarks_dataset\cooked\p0\samples
checkpoint_root=C:\MISC\Deepcare\Orthodontics\outputs\pointnetreg\final_pt
teeth=t11 t12 t13 t14 t15 t16 t17 t21 t22 t23 t24 t25 t26 t27 t31 t32 t33 t34 t35 t36 t37 t41 t42 t43 t44 t45 t47

Case 145: 244/244 landmarks (100.0% coverage). Missing teeth: []
raw_dir=C:\MISC\Deepcare\Orthodontics\datasets\landmarks_dataset\raw\145
infer_dir=C:\MISC\Deepcare\Orthodontics\outputs\pointnetreg\final_output\infer_tmp\145
samples_root=C:\MISC\Deepcare\Orthodontics\datasets\landmarks_dataset\cooked\p0\samples
checkpoint_root=C:\MISC\Deepcare\Orthodontics\outputs\pointnetreg\final_pt
teeth=t11 t12 t13 t14 t15 t16 t17 t21 t22 t23 t24 t25 t26 t27 t31 t32 t33 t34 t35 t36 t37 t41 t42 t43 t44 t45 t46 t47

Case 146: 0/244 landmarks (0.0% coverage). Missing teeth: []
raw_dir=C:\MISC\Deepcare\Orthodontics\datasets\landmarks_dataset\raw\146
infer_dir=C:\MISC\Deepcare\Orthodontics\outputs\pointnetreg\final_output\infer_tmp\146
samples_root=C:\MISC\Deepcare\Orthodontics\datasets\landmarks_dataset\cooked\p0\samples
checkpoint_root=C:\MISC\Deepcare\Orthodontics\outputs\pointnetreg\final_pt
teeth=t11 t12 t13 t14 t15 t16 t17 t21 t22 t23 t24 t25 t26 t27 t31 t32 t33 t34 t35 t36 t37 t41 t42 t43 t44 t45 t46 t47

Case 147: 223/244 landmarks (91.4% coverage). Missing teeth: ['t27', 't45']
raw_dir=C:\MISC\Deepcare\Orthodontics\datasets\landmarks_dataset\raw\147
infer_dir=C:\MISC\Deepcare\Orthodontics\outputs\pointnetreg\final_output\infer_tmp\147
samples_root=C:\MISC\Deepcare\Orthodontics\datasets\landmarks_dataset\cooked\p0\samples
checkpoint_root=C:\MISC\Deepcare\Orthodontics\outputs\pointnetreg\final_pt
teeth=t11 t12 t13 t14 t15 t16 t17 t21 t22 t23 t24 t25 t26 t31 t32 t33 t34 t35 t36 t37 t41 t42 t43 t44 t46 t47

Case 148: 232/244 landmarks (95.1% coverage). Missing teeth: ['t17']
raw_dir=C:\MISC\Deepcare\Orthodontics\datasets\landmarks_dataset\raw\148
infer_dir=C:\MISC\Deepcare\Orthodontics\outputs\pointnetreg\final_output\infer_tmp\148
samples_root=C:\MISC\Deepcare\Orthodontics\datasets\landmarks_dataset\cooked\p0\samples
checkpoint_root=C:\MISC\Deepcare\Orthodontics\outputs\pointnetreg\final_pt
teeth=t11 t12 t13 t14 t15 t16 t21 t22 t23 t24 t25 t26 t27 t31 t32 t33 t34 t35 t36 t37 t41 t42 t43 t44 t45 t46 t47

Case 149: 0/244 landmarks (0.0% coverage). Missing teeth: []
raw_dir=C:\MISC\Deepcare\Orthodontics\datasets\landmarks_dataset\raw\149
infer_dir=C:\MISC\Deepcare\Orthodontics\outputs\pointnetreg\final_output\infer_tmp\149
samples_root=C:\MISC\Deepcare\Orthodontics\datasets\landmarks_dataset\cooked\p0\samples
checkpoint_root=C:\MISC\Deepcare\Orthodontics\outputs\pointnetreg\final_pt
teeth=t11 t12 t13 t14 t15 t16 t17 t21 t22 t23 t24 t25 t26 t27 t31 t32 t33 t34 t35 t36 t37 t41 t42 t43 t44 t45 t46 t47

Case 150: 241/244 landmarks (98.8% coverage). Missing teeth: []
raw_dir=C:\MISC\Deepcare\Orthodontics\datasets\landmarks_dataset\raw\150
infer_dir=C:\MISC\Deepcare\Orthodontics\outputs\pointnetreg\final_output\infer_tmp\150
samples_root=C:\MISC\Deepcare\Orthodontics\datasets\landmarks_dataset\cooked\p0\samples
checkpoint_root=C:\MISC\Deepcare\Orthodontics\outputs\pointnetreg\final_pt
teeth=t11 t12 t13 t14 t15 t16 t17 t21 t22 t23 t24 t25 t26 t27 t31 t32 t33 t34 t35 t36 t37 t41 t42 t43 t44 t45 t46 t47

Case 146: 244/244 landmarks (100.0% coverage). Missing teeth: []
raw_dir=C:\MISC\Deepcare\Orthodontics\datasets\landmarks_dataset\raw\146
infer_dir=C:\MISC\Deepcare\Orthodontics\outputs\pointnetreg\final_output\infer_tmp\146
samples_root=C:\MISC\Deepcare\Orthodontics\datasets\landmarks_dataset\cooked\p0\samples
checkpoint_root=C:\MISC\Deepcare\Orthodontics\outputs\pointnetreg\final_pt
teeth=t11 t12 t13 t14 t15 t16 t17 t21 t22 t23 t24 t25 t26 t27 t31 t32 t33 t34 t35 t36 t37 t41 t42 t43 t44 t45 t46 t47

Case 147: 223/244 landmarks (91.4% coverage). Missing teeth: ['t27', 't45']
raw_dir=C:\MISC\Deepcare\Orthodontics\datasets\landmarks_dataset\raw\147
infer_dir=C:\MISC\Deepcare\Orthodontics\outputs\pointnetreg\final_output\infer_tmp\147
samples_root=C:\MISC\Deepcare\Orthodontics\datasets\landmarks_dataset\cooked\p0\samples
checkpoint_root=C:\MISC\Deepcare\Orthodontics\outputs\pointnetreg\final_pt
teeth=t11 t12 t13 t14 t15 t16 t17 t21 t22 t23 t24 t25 t26 t31 t32 t33 t34 t35 t36 t37 t41 t42 t43 t44 t46 t47

Case 148: 232/244 landmarks (95.1% coverage). Missing teeth: ['t17']
raw_dir=C:\MISC\Deepcare\Orthodontics\datasets\landmarks_dataset\raw\148
infer_dir=C:\MISC\Deepcare\Orthodontics\outputs\pointnetreg\final_output\infer_tmp\148
samples_root=C:\MISC\Deepcare\Orthodontics\datasets\landmarks_dataset\cooked\p0\samples
checkpoint_root=C:\MISC\Deepcare\Orthodontics\outputs\pointnetreg\final_pt
teeth=t11 t12 t13 t14 t15 t16 t21 t22 t23 t24 t25 t26 t27 t31 t32 t33 t34 t35 t36 t37 t41 t42 t43 t44 t45 t46 t47

Case 149: 244/244 landmarks (100.0% coverage). Missing teeth: []
raw_dir=C:\MISC\Deepcare\Orthodontics\datasets\landmarks_dataset\raw\149
infer_dir=C:\MISC\Deepcare\Orthodontics\outputs\pointnetreg\final_output\infer_tmp\149
samples_root=C:\MISC\Deepcare\Orthodontics\datasets\landmarks_dataset\cooked\p0\samples
checkpoint_root=C:\MISC\Deepcare\Orthodontics\outputs\pointnetreg\final_pt
teeth=t11 t12 t13 t14 t15 t16 t17 t21 t22 t23 t24 t25 t26 t27 t31 t32 t33 t34 t35 t36 t37 t41 t42 t43 t44 t45 t46 t47

Case 150: 241/244 landmarks (98.8% coverage). Missing teeth: []
raw_dir=C:\MISC\Deepcare\Orthodontics\datasets\landmarks_dataset\raw\150
infer_dir=C:\MISC\Deepcare\Orthodontics\outputs\pointnetreg\final_output\infer_tmp\150
samples_root=C:\MISC\Deepcare\Orthodontics\datasets\landmarks_dataset\cooked\p0\samples
checkpoint_root=C:\MISC\Deepcare\Orthodontics\outputs\pointnetreg\final_pt
teeth=t11 t12 t13 t14 t15 t16 t17 t21 t22 t23 t24 t25 t26 t27 t31 t32 t33 t34 t35 t36 t37 t41 t42 t43 t44 t45 t46 t47

