Case 001: 241/244 landmarks (98.8% coverage). Missing teeth: []
Case 002: 244/244 landmarks (100.0% coverage). Missing teeth: []
Case 003: 244/244 landmarks (100.0% coverage). Missing teeth: []
Case 004: 243/244 landmarks (99.6% coverage). Missing teeth: []
Case 005: 241/244 landmarks (98.8% coverage). Missing teeth: []
Case 006: 244/244 landmarks (100.0% coverage). Missing teeth: []
Case 007: 237/244 landmarks (97.1% coverage). Missing teeth: []
Case 008: 235/244 landmarks (96.3% coverage). Missing teeth: []
Case 009: 242/244 landmarks (99.2% coverage). Missing teeth: []
Case 010: 244/244 landmarks (100.0% coverage). Missing teeth: []
Case 011: 244/244 landmarks (100.0% coverage). Missing teeth: []
Case 012: 230/244 landmarks (94.3% coverage). Missing teeth: []
Case 013: 239/244 landmarks (98.0% coverage). Missing teeth: []
Case 014: 241/244 landmarks (98.8% coverage). Missing teeth: []
Case 015: 241/244 landmarks (98.8% coverage). Missing teeth: []
Case 016: 244/244 landmarks (100.0% coverage). Missing teeth: []
Case 017: 238/244 landmarks (97.5% coverage). Missing teeth: []
Case 018: 244/244 landmarks (100.0% coverage). Missing teeth: []
Case 019: 237/244 landmarks (97.1% coverage). Missing teeth: []
Case 020: 230/244 landmarks (94.3% coverage). Missing teeth: []
Case 021: 244/244 landmarks (100.0% coverage). Missing teeth: []
Case 022: 244/244 landmarks (100.0% coverage). Missing teeth: []
Case 023: 122/244 landmarks (50.0% coverage). Missing teeth: ['t31', 't32', 't33', 't34', 't35', 't36', 't37', 't41', 't42', 't43', 't44', 't45', 't46', 't47']
Case 024: 240/244 landmarks (98.4% coverage). Missing teeth: []
Case 025: 236/244 landmarks (96.7% coverage). Missing teeth: []
Case 026: 237/244 landmarks (97.1% coverage). Missing teeth: ['t22']
Case 027: 243/244 landmarks (99.6% coverage). Missing teeth: []
Case 028: 243/244 landmarks (99.6% coverage). Missing teeth: []
Case 029: 242/244 landmarks (99.2% coverage). Missing teeth: []
Case 030: 240/244 landmarks (98.4% coverage). Missing teeth: []
Case 031: 243/244 landmarks (99.6% coverage). Missing teeth: []
Case 032: 244/244 landmarks (100.0% coverage). Missing teeth: []
Case 033: 244/244 landmarks (100.0% coverage). Missing teeth: []
Case 034: 244/244 landmarks (100.0% coverage). Missing teeth: []
Case 035: 244/244 landmarks (100.0% coverage). Missing teeth: []
Case 036: 244/244 landmarks (100.0% coverage). Missing teeth: []
Case 037: 244/244 landmarks (100.0% coverage). Missing teeth: []
Case 038: 244/244 landmarks (100.0% coverage). Missing teeth: []
Case 039: 244/244 landmarks (100.0% coverage). Missing teeth: []
Case 040: 235/244 landmarks (96.3% coverage). Missing teeth: ['t14']
Case 041: 226/244 landmarks (92.6% coverage). Missing teeth: ['t34', 't45']
Case 042: 244/244 landmarks (100.0% coverage). Missing teeth: []
Case 043: 244/244 landmarks (100.0% coverage). Missing teeth: []
Case 044: 244/244 landmarks (100.0% coverage). Missing teeth: []
Case 045: 244/244 landmarks (100.0% coverage). Missing teeth: []
Case 046: 244/244 landmarks (100.0% coverage). Missing teeth: []
Case 047: 244/244 landmarks (100.0% coverage). Missing teeth: []
Case 048: 244/244 landmarks (100.0% coverage). Missing teeth: []
Case 049: 244/244 landmarks (100.0% coverage). Missing teeth: []
Case 050: 244/244 landmarks (100.0% coverage). Missing teeth: []
Case 051: 244/244 landmarks (100.0% coverage). Missing teeth: []
Case 052: 244/244 landmarks (100.0% coverage). Missing teeth: []
Case 053: 244/244 landmarks (100.0% coverage). Missing teeth: []
Case 054: 244/244 landmarks (100.0% coverage). Missing teeth: []
Case 055: 244/244 landmarks (100.0% coverage). Missing teeth: []
Case 056: 244/244 landmarks (100.0% coverage). Missing teeth: []
Case 057: 243/244 landmarks (99.6% coverage). Missing teeth: []
Case 058: 244/244 landmarks (100.0% coverage). Missing teeth: []
Case 059: 244/244 landmarks (100.0% coverage). Missing teeth: []
Case 060: 244/244 landmarks (100.0% coverage). Missing teeth: []
Case 061: 244/244 landmarks (100.0% coverage). Missing teeth: []
Case 062: 244/244 landmarks (100.0% coverage). Missing teeth: []
Case 063: 244/244 landmarks (100.0% coverage). Missing teeth: []
Case 064: 244/244 landmarks (100.0% coverage). Missing teeth: []
Case 065: 244/244 landmarks (100.0% coverage). Missing teeth: []
Case 066: 244/244 landmarks (100.0% coverage). Missing teeth: []
Case 067: 244/244 landmarks (100.0% coverage). Missing teeth: []
Case 068: 244/244 landmarks (100.0% coverage). Missing teeth: []
Case 069: 230/244 landmarks (94.3% coverage). Missing teeth: ['t31', 't42']
Case 070: 244/244 landmarks (100.0% coverage). Missing teeth: []
Case 071: 244/244 landmarks (100.0% coverage). Missing teeth: []
Case 072: 232/244 landmarks (95.1% coverage). Missing teeth: ['t36']
Case 073: 244/244 landmarks (100.0% coverage). Missing teeth: []
Case 074: 232/244 landmarks (95.1% coverage). Missing teeth: ['t47']
Case 075: 244/244 landmarks (100.0% coverage). Missing teeth: []
Case 076: 242/244 landmarks (99.2% coverage). Missing teeth: []
Case 077: 244/244 landmarks (100.0% coverage). Missing teeth: []
Case 078: 244/244 landmarks (100.0% coverage). Missing teeth: []
Case 079: 242/244 landmarks (99.2% coverage). Missing teeth: []
Case 080: 232/244 landmarks (95.1% coverage). Missing teeth: ['t37']
Case 081: 236/244 landmarks (96.7% coverage). Missing teeth: []
Case 082: 244/244 landmarks (100.0% coverage). Missing teeth: []
Case 083: 244/244 landmarks (100.0% coverage). Missing teeth: []
Case 084: 244/244 landmarks (100.0% coverage). Missing teeth: []
Case 085: 244/244 landmarks (100.0% coverage). Missing teeth: []
Case 086: 244/244 landmarks (100.0% coverage). Missing teeth: []
Case 087: 244/244 landmarks (100.0% coverage). Missing teeth: []
Case 088: 244/244 landmarks (100.0% coverage). Missing teeth: []
Case 089: 244/244 landmarks (100.0% coverage). Missing teeth: []
Case 090: 244/244 landmarks (100.0% coverage). Missing teeth: []
Case 091: 237/244 landmarks (97.1% coverage). Missing teeth: ['t41']
Case 092: 244/244 landmarks (100.0% coverage). Missing teeth: []
Case 093: 243/244 landmarks (99.6% coverage). Missing teeth: []
Case 094: 244/244 landmarks (100.0% coverage). Missing teeth: []
Case 095: 243/244 landmarks (99.6% coverage). Missing teeth: []
Case 096: 244/244 landmarks (100.0% coverage). Missing teeth: []
Case 097: 244/244 landmarks (100.0% coverage). Missing teeth: []
Case 098: 244/244 landmarks (100.0% coverage). Missing teeth: []
Case 099: 244/244 landmarks (100.0% coverage). Missing teeth: []
Case 100: 244/244 landmarks (100.0% coverage). Missing teeth: []
Case 101: 244/244 landmarks (100.0% coverage). Missing teeth: []
Case 102: 244/244 landmarks (100.0% coverage). Missing teeth: []
Case 103: 244/244 landmarks (100.0% coverage). Missing teeth: []
Case 104: 244/244 landmarks (100.0% coverage). Missing teeth: []
Case 105: 244/244 landmarks (100.0% coverage). Missing teeth: []
Case 106: 244/244 landmarks (100.0% coverage). Missing teeth: []
Case 107: 244/244 landmarks (100.0% coverage). Missing teeth: []
Case 108: 244/244 landmarks (100.0% coverage). Missing teeth: []
Case 109: 244/244 landmarks (100.0% coverage). Missing teeth: []
Case 110: 244/244 landmarks (100.0% coverage). Missing teeth: []
Case 111: 244/244 landmarks (100.0% coverage). Missing teeth: []
Case 112: 230/244 landmarks (94.3% coverage). Missing teeth: ['t32', 't42']
Case 113: 225/244 landmarks (92.2% coverage). Missing teeth: ['t27']
Case 114: 244/244 landmarks (100.0% coverage). Missing teeth: []
Case 115: 244/244 landmarks (100.0% coverage). Missing teeth: []
Case 116: 244/244 landmarks (100.0% coverage). Missing teeth: []
Case 117: 244/244 landmarks (100.0% coverage). Missing teeth: []
Case 118: 244/244 landmarks (100.0% coverage). Missing teeth: []
Case 119: 244/244 landmarks (100.0% coverage). Missing teeth: []
Case 120: 244/244 landmarks (100.0% coverage). Missing teeth: []
Case 121: 104/244 landmarks (42.6% coverage). Missing teeth: ['t14', 't15', 't31', 't32', 't33', 't34', 't35', 't36', 't37', 't41', 't42', 't43', 't44', 't45', 't46', 't47']
Case 122: 244/244 landmarks (100.0% coverage). Missing teeth: []
Case 123: 244/244 landmarks (100.0% coverage). Missing teeth: []
Case 124: 244/244 landmarks (100.0% coverage). Missing teeth: []
Case 125: 244/244 landmarks (100.0% coverage). Missing teeth: []
Case 126: 244/244 landmarks (100.0% coverage). Missing teeth: []
Case 127: 244/244 landmarks (100.0% coverage). Missing teeth: []
Case 128: 217/244 landmarks (88.9% coverage). Missing teeth: ['t14', 't15', 't35']
Case 129: 230/244 landmarks (94.3% coverage). Missing teeth: ['t32', 't42']
Case 130: 244/244 landmarks (100.0% coverage). Missing teeth: []
Case 131: 244/244 landmarks (100.0% coverage). Missing teeth: []
Case 132: 122/244 landmarks (50.0% coverage). Missing teeth: ['t31', 't32', 't33', 't34', 't35', 't36', 't37', 't41', 't42', 't43', 't44', 't45', 't46', 't47']
Case 133: 118/244 landmarks (48.4% coverage). Missing teeth: ['t31', 't32', 't33', 't34', 't35', 't36', 't37', 't41', 't42', 't43', 't44', 't45', 't46', 't47']
Case 134: 244/244 landmarks (100.0% coverage). Missing teeth: []
Case 135: 234/244 landmarks (95.9% coverage). Missing teeth: []
Case 136: 244/244 landmarks (100.0% coverage). Missing teeth: []
Case 137: 244/244 landmarks (100.0% coverage). Missing teeth: []
Case 138: 239/244 landmarks (98.0% coverage). Missing teeth: []
Case 139: 213/244 landmarks (87.3% coverage). Missing teeth: ['t17', 't37']
Case 140: 244/244 landmarks (100.0% coverage). Missing teeth: []
Case 141: 236/244 landmarks (96.7% coverage). Missing teeth: []
Case 142: 240/244 landmarks (98.4% coverage). Missing teeth: []
Case 143: 244/244 landmarks (100.0% coverage). Missing teeth: []
Case 144: 232/244 landmarks (95.1% coverage). Missing teeth: ['t46']
Case 145: 244/244 landmarks (100.0% coverage). Missing teeth: []
Case 147: 223/244 landmarks (91.4% coverage). Missing teeth: ['t27', 't45']
Case 148: 232/244 landmarks (95.1% coverage). Missing teeth: ['t17']
Case 150: 241/244 landmarks (98.8% coverage). Missing teeth: []
Debug metrics saved to outputs\pointnetreg\postprocess\debug\tooth_metrics.csv
Processed 148 cases.
